<?xml version="1.0" encoding="UTF-8"?>
<coverage generated="1697981769204" clover="3.2.0">
  <project timestamp="1697981769204" name="All files">
    <metrics statements="33" coveredstatements="32" conditionals="4" coveredconditionals="4" methods="13" coveredmethods="12" elements="50" coveredelements="48" complexity="0" loc="33" ncloc="33" packages="1" files="1" classes="1"/>
    <file name="auth copy.js" path="E:\work\reacttest\reactdemo\src\pages\auth\auth copy.js">
      <metrics statements="33" coveredstatements="32" conditionals="4" coveredconditionals="4" methods="13" coveredmethods="12"/>
      <line num="8" count="1" type="stmt"/>
      <line num="9" count="7" type="stmt"/>
      <line num="10" count="7" type="stmt"/>
      <line num="11" count="10" type="stmt"/>
      <line num="12" count="7" type="stmt"/>
      <line num="13" count="7" type="stmt"/>
      <line num="14" count="2" type="stmt"/>
      <line num="16" count="7" type="stmt"/>
      <line num="17" count="4" type="stmt"/>
      <line num="20" count="7" type="stmt"/>
      <line num="25" count="7" type="stmt"/>
      <line num="26" count="3" type="stmt"/>
      <line num="27" count="3" type="stmt"/>
      <line num="28" count="3" type="stmt"/>
      <line num="31" count="7" type="stmt"/>
      <line num="32" count="3" type="stmt"/>
      <line num="33" count="2" type="stmt"/>
      <line num="35" count="2" type="stmt"/>
      <line num="36" count="0" type="stmt"/>
      <line num="39" count="7" type="stmt"/>
      <line num="40" count="4" type="stmt"/>
      <line num="46" count="7" type="stmt"/>
      <line num="47" count="2" type="stmt"/>
      <line num="48" count="2" type="stmt"/>
      <line num="49" count="2" type="stmt"/>
      <line num="54" count="2" type="cond" truecount="2" falsecount="0"/>
      <line num="55" count="1" type="stmt"/>
      <line num="56" count="1" type="stmt"/>
      <line num="57" count="1" type="stmt"/>
      <line num="58" count="1" type="stmt"/>
      <line num="59" count="1" type="stmt"/>
      <line num="61" count="1" type="stmt"/>
      <line num="65" count="7" type="stmt"/>
    </file>
  </project>
</coverage>
