<?xml version="1.0" encoding="UTF-8"?>
<coverage generated="1698139282339" clover="3.2.0">
  <project timestamp="1698139282339" name="All files">
    <metrics statements="86" coveredstatements="80" conditionals="34" coveredconditionals="23" methods="24" coveredmethods="20" elements="144" coveredelements="123" complexity="0" loc="86" ncloc="86" packages="1" files="1" classes="1"/>
    <file name="auth.js" path="E:\work\reacttest\reactdemo\src\pages\auth\auth.js">
      <metrics statements="86" coveredstatements="80" conditionals="34" coveredconditionals="23" methods="24" coveredmethods="20"/>
      <line num="8" count="1" type="stmt"/>
      <line num="9" count="34" type="stmt"/>
      <line num="10" count="34" type="stmt"/>
      <line num="11" count="34" type="stmt"/>
      <line num="13" count="40" type="stmt"/>
      <line num="14" count="34" type="stmt"/>
      <line num="15" count="34" type="stmt"/>
      <line num="16" count="5" type="stmt"/>
      <line num="19" count="34" type="stmt"/>
      <line num="20" count="5" type="stmt"/>
      <line num="23" count="34" type="stmt"/>
      <line num="24" count="8" type="stmt"/>
      <line num="27" count="34" type="stmt"/>
      <line num="51" count="34" type="stmt"/>
      <line num="56" count="34" type="stmt"/>
      <line num="57" count="6" type="stmt"/>
      <line num="58" count="6" type="stmt"/>
      <line num="61" count="34" type="stmt"/>
      <line num="62" count="6" type="stmt"/>
      <line num="63" count="5" type="stmt"/>
      <line num="65" count="5" type="stmt"/>
      <line num="66" count="0" type="stmt"/>
      <line num="67" count="6" type="stmt"/>
      <line num="68" count="5" type="stmt"/>
      <line num="70" count="5" type="stmt"/>
      <line num="71" count="0" type="stmt"/>
      <line num="76" count="34" type="stmt"/>
      <line num="77" count="4" type="stmt"/>
      <line num="83" count="34" type="stmt"/>
      <line num="84" count="24" type="stmt"/>
      <line num="90" count="34" type="stmt"/>
      <line num="91" count="2" type="cond" truecount="1" falsecount="1"/>
      <line num="92" count="2" type="stmt"/>
      <line num="93" count="2" type="stmt"/>
      <line num="94" count="2" type="stmt"/>
      <line num="95" count="2" type="stmt"/>
      <line num="96" count="2" type="stmt"/>
      <line num="97" count="2" type="stmt"/>
      <line num="98" count="2" type="cond" truecount="2" falsecount="3"/>
      <line num="99" count="2" type="stmt"/>
      <line num="101" count="2" type="cond" truecount="1" falsecount="1"/>
      <line num="102" count="0" type="stmt"/>
      <line num="103" count="0" type="stmt"/>
      <line num="104" count="2" type="cond" truecount="1" falsecount="1"/>
      <line num="105" count="2" type="stmt"/>
      <line num="106" count="2" type="stmt"/>
      <line num="111" count="34" type="stmt"/>
      <line num="112" count="2" type="cond" truecount="2" falsecount="0"/>
      <line num="113" count="1" type="stmt"/>
      <line num="114" count="1" type="stmt"/>
      <line num="116" count="1" type="stmt"/>
      <line num="117" count="1" type="stmt"/>
      <line num="121" count="34" type="stmt"/>
      <line num="122" count="3" type="stmt"/>
      <line num="123" count="3" type="cond" truecount="2" falsecount="0"/>
      <line num="124" count="2" type="stmt"/>
      <line num="126" count="1" type="stmt"/>
      <line num="127" count="1" type="stmt"/>
      <line num="131" count="34" type="stmt"/>
      <line num="132" count="3" type="stmt"/>
      <line num="133" count="3" type="cond" truecount="3" falsecount="0"/>
      <line num="134" count="3" type="cond" truecount="2" falsecount="0"/>
      <line num="135" count="1" type="stmt"/>
      <line num="136" count="1" type="stmt"/>
      <line num="137" count="1" type="stmt"/>
      <line num="138" count="1" type="stmt"/>
      <line num="139" count="1" type="stmt"/>
      <line num="141" count="3" type="stmt"/>
      <line num="144" count="34" type="stmt"/>
      <line num="145" count="0" type="stmt"/>
      <line num="148" count="34" type="stmt"/>
      <line num="149" count="2" type="stmt"/>
      <line num="150" count="2" type="stmt"/>
      <line num="151" count="2" type="stmt"/>
      <line num="156" count="2" type="cond" truecount="2" falsecount="0"/>
      <line num="157" count="1" type="stmt"/>
      <line num="158" count="1" type="stmt"/>
      <line num="159" count="1" type="stmt"/>
      <line num="160" count="1" type="stmt"/>
      <line num="161" count="1" type="stmt"/>
      <line num="162" count="1" type="stmt"/>
      <line num="164" count="1" type="stmt"/>
      <line num="165" count="1" type="stmt"/>
      <line num="169" count="34" type="stmt"/>
      <line num="170" count="0" type="stmt"/>
      <line num="198" count="34" type="stmt"/>
    </file>
  </project>
</coverage>
