{"E:\\work\\reacttest\\reactdemo\\src\\pages\\auth\\auth.js": {"path":"E:\\work\\reacttest\\reactdemo\\src\\pages\\auth\\auth.js","statementMap":{"0":{"start":{"line":8,"column":14},"end":{"line":343,"column":1}},"1":{"start":{"line":9,"column":21},"end":{"line":9,"column":34}},"2":{"start":{"line":10,"column":20},"end":{"line":10,"column":32}},"3":{"start":{"line":11,"column":48},"end":{"line":11,"column":63}},"4":{"start":{"line":13,"column":21},"end":{"line":13,"column":57}},"5":{"start":{"line":13,"column":42},"end":{"line":13,"column":56}},"6":{"start":{"line":14,"column":27},"end":{"line":14,"column":62}},"7":{"start":{"line":14,"column":41},"end":{"line":14,"column":49}},"8":{"start":{"line":15,"column":27},"end":{"line":17,"column":5}},"9":{"start":{"line":16,"column":8},"end":{"line":16,"column":64}},"10":{"start":{"line":19,"column":27},"end":{"line":21,"column":5}},"11":{"start":{"line":20,"column":8},"end":{"line":20,"column":64}},"12":{"start":{"line":23,"column":28},"end":{"line":25,"column":5}},"13":{"start":{"line":24,"column":8},"end":{"line":24,"column":59}},"14":{"start":{"line":27,"column":36},"end":{"line":49,"column":6}},"15":{"start":{"line":51,"column":46},"end":{"line":54,"column":6}},"16":{"start":{"line":56,"column":4},"end":{"line":59,"column":10}},"17":{"start":{"line":57,"column":8},"end":{"line":57,"column":29}},"18":{"start":{"line":58,"column":8},"end":{"line":58,"column":40}},"19":{"start":{"line":61,"column":4},"end":{"line":72,"column":11}},"20":{"start":{"line":62,"column":8},"end":{"line":66,"column":51}},"21":{"start":{"line":63,"column":30},"end":{"line":63,"column":45}},"22":{"start":{"line":65,"column":16},"end":{"line":65,"column":37}},"23":{"start":{"line":66,"column":30},"end":{"line":66,"column":50}},"24":{"start":{"line":67,"column":8},"end":{"line":71,"column":51}},"25":{"start":{"line":68,"column":30},"end":{"line":68,"column":45}},"26":{"start":{"line":70,"column":16},"end":{"line":70,"column":37}},"27":{"start":{"line":71,"column":30},"end":{"line":71,"column":50}},"28":{"start":{"line":76,"column":35},"end":{"line":81,"column":5}},"29":{"start":{"line":77,"column":8},"end":{"line":80,"column":11}},"30":{"start":{"line":83,"column":30},"end":{"line":88,"column":5}},"31":{"start":{"line":84,"column":8},"end":{"line":87,"column":11}},"32":{"start":{"line":90,"column":22},"end":{"line":109,"column":5}},"33":{"start":{"line":91,"column":8},"end":{"line":108,"column":9}},"34":{"start":{"line":92,"column":12},"end":{"line":92,"column":39}},"35":{"start":{"line":93,"column":28},"end":{"line":93,"column":52}},"36":{"start":{"line":94,"column":26},"end":{"line":94,"column":36}},"37":{"start":{"line":95,"column":22},"end":{"line":95,"column":68}},"38":{"start":{"line":96,"column":24},"end":{"line":96,"column":67}},"39":{"start":{"line":97,"column":23},"end":{"line":97,"column":65}},"40":{"start":{"line":98,"column":12},"end":{"line":100,"column":13}},"41":{"start":{"line":99,"column":16},"end":{"line":99,"column":22}},"42":{"start":{"line":101,"column":12},"end":{"line":107,"column":13}},"43":{"start":{"line":102,"column":16},"end":{"line":102,"column":123}},"44":{"start":{"line":103,"column":16},"end":{"line":103,"column":29}},"45":{"start":{"line":104,"column":19},"end":{"line":107,"column":13}},"46":{"start":{"line":105,"column":16},"end":{"line":105,"column":33}},"47":{"start":{"line":106,"column":16},"end":{"line":106,"column":28}},"48":{"start":{"line":111,"column":21},"end":{"line":119,"column":5}},"49":{"start":{"line":112,"column":8},"end":{"line":118,"column":9}},"50":{"start":{"line":113,"column":12},"end":{"line":113,"column":50}},"51":{"start":{"line":114,"column":12},"end":{"line":114,"column":24}},"52":{"start":{"line":116,"column":12},"end":{"line":116,"column":85}},"53":{"start":{"line":117,"column":12},"end":{"line":117,"column":25}},"54":{"start":{"line":121,"column":22},"end":{"line":129,"column":5}},"55":{"start":{"line":122,"column":26},"end":{"line":122,"column":50}},"56":{"start":{"line":123,"column":8},"end":{"line":128,"column":9}},"57":{"start":{"line":124,"column":12},"end":{"line":124,"column":24}},"58":{"start":{"line":126,"column":12},"end":{"line":126,"column":113}},"59":{"start":{"line":127,"column":12},"end":{"line":127,"column":25}},"60":{"start":{"line":131,"column":22},"end":{"line":142,"column":5}},"61":{"start":{"line":132,"column":8},"end":{"line":132,"column":27}},"62":{"start":{"line":133,"column":20},"end":{"line":133,"column":60}},"63":{"start":{"line":134,"column":8},"end":{"line":140,"column":9}},"64":{"start":{"line":135,"column":12},"end":{"line":135,"column":38}},"65":{"start":{"line":136,"column":31},"end":{"line":136,"column":55}},"66":{"start":{"line":137,"column":12},"end":{"line":137,"column":53}},"67":{"start":{"line":138,"column":12},"end":{"line":138,"column":45}},"68":{"start":{"line":139,"column":12},"end":{"line":139,"column":30}},"69":{"start":{"line":141,"column":8},"end":{"line":141,"column":20}},"70":{"start":{"line":144,"column":29},"end":{"line":146,"column":5}},"71":{"start":{"line":145,"column":8},"end":{"line":145,"column":43}},"72":{"start":{"line":148,"column":27},"end":{"line":167,"column":5}},"73":{"start":{"line":149,"column":8},"end":{"line":149,"column":27}},"74":{"start":{"line":150,"column":28},"end":{"line":155,"column":10}},"75":{"start":{"line":151,"column":12},"end":{"line":154,"column":14}},"76":{"start":{"line":156,"column":8},"end":{"line":166,"column":9}},"77":{"start":{"line":157,"column":12},"end":{"line":157,"column":40}},"78":{"start":{"line":158,"column":12},"end":{"line":158,"column":44}},"79":{"start":{"line":159,"column":31},"end":{"line":159,"column":61}},"80":{"start":{"line":160,"column":12},"end":{"line":160,"column":53}},"81":{"start":{"line":161,"column":12},"end":{"line":161,"column":43}},"82":{"start":{"line":162,"column":12},"end":{"line":162,"column":30}},"83":{"start":{"line":164,"column":12},"end":{"line":164,"column":31}},"84":{"start":{"line":165,"column":12},"end":{"line":165,"column":65}},"85":{"start":{"line":169,"column":26},"end":{"line":195,"column":5}},"86":{"start":{"line":170,"column":8},"end":{"line":192,"column":11}},"87":{"start":{"line":198,"column":4},"end":{"line":342,"column":6}}},"fnMap":{"0":{"name":"(anonymous_0)","decl":{"start":{"line":8,"column":14},"end":{"line":8,"column":15}},"loc":{"start":{"line":8,"column":20},"end":{"line":343,"column":1}},"line":8},"1":{"name":"(anonymous_1)","decl":{"start":{"line":13,"column":33},"end":{"line":13,"column":34}},"loc":{"start":{"line":13,"column":42},"end":{"line":13,"column":56}},"line":13},"2":{"name":"(anonymous_2)","decl":{"start":{"line":14,"column":35},"end":{"line":14,"column":36}},"loc":{"start":{"line":14,"column":41},"end":{"line":14,"column":49}},"line":14},"3":{"name":"(anonymous_3)","decl":{"start":{"line":15,"column":27},"end":{"line":15,"column":28}},"loc":{"start":{"line":15,"column":40},"end":{"line":17,"column":5}},"line":15},"4":{"name":"(anonymous_4)","decl":{"start":{"line":19,"column":27},"end":{"line":19,"column":28}},"loc":{"start":{"line":19,"column":40},"end":{"line":21,"column":5}},"line":19},"5":{"name":"(anonymous_5)","decl":{"start":{"line":23,"column":28},"end":{"line":23,"column":29}},"loc":{"start":{"line":23,"column":41},"end":{"line":25,"column":5}},"line":23},"6":{"name":"(anonymous_6)","decl":{"start":{"line":56,"column":14},"end":{"line":56,"column":15}},"loc":{"start":{"line":56,"column":20},"end":{"line":59,"column":5}},"line":56},"7":{"name":"(anonymous_7)","decl":{"start":{"line":61,"column":14},"end":{"line":61,"column":15}},"loc":{"start":{"line":61,"column":20},"end":{"line":72,"column":5}},"line":61},"8":{"name":"(anonymous_8)","decl":{"start":{"line":63,"column":18},"end":{"line":63,"column":19}},"loc":{"start":{"line":63,"column":30},"end":{"line":63,"column":45}},"line":63},"9":{"name":"(anonymous_9)","decl":{"start":{"line":64,"column":18},"end":{"line":64,"column":19}},"loc":{"start":{"line":64,"column":26},"end":{"line":66,"column":13}},"line":64},"10":{"name":"(anonymous_10)","decl":{"start":{"line":66,"column":21},"end":{"line":66,"column":22}},"loc":{"start":{"line":66,"column":30},"end":{"line":66,"column":50}},"line":66},"11":{"name":"(anonymous_11)","decl":{"start":{"line":68,"column":18},"end":{"line":68,"column":19}},"loc":{"start":{"line":68,"column":30},"end":{"line":68,"column":45}},"line":68},"12":{"name":"(anonymous_12)","decl":{"start":{"line":69,"column":18},"end":{"line":69,"column":19}},"loc":{"start":{"line":69,"column":26},"end":{"line":71,"column":13}},"line":69},"13":{"name":"(anonymous_13)","decl":{"start":{"line":71,"column":21},"end":{"line":71,"column":22}},"loc":{"start":{"line":71,"column":30},"end":{"line":71,"column":50}},"line":71},"14":{"name":"(anonymous_14)","decl":{"start":{"line":76,"column":35},"end":{"line":76,"column":36}},"loc":{"start":{"line":76,"column":42},"end":{"line":81,"column":5}},"line":76},"15":{"name":"(anonymous_15)","decl":{"start":{"line":83,"column":30},"end":{"line":83,"column":31}},"loc":{"start":{"line":83,"column":37},"end":{"line":88,"column":5}},"line":83},"16":{"name":"(anonymous_16)","decl":{"start":{"line":90,"column":22},"end":{"line":90,"column":23}},"loc":{"start":{"line":90,"column":28},"end":{"line":109,"column":5}},"line":90},"17":{"name":"(anonymous_17)","decl":{"start":{"line":111,"column":21},"end":{"line":111,"column":22}},"loc":{"start":{"line":111,"column":27},"end":{"line":119,"column":5}},"line":111},"18":{"name":"(anonymous_18)","decl":{"start":{"line":121,"column":22},"end":{"line":121,"column":23}},"loc":{"start":{"line":121,"column":28},"end":{"line":129,"column":5}},"line":121},"19":{"name":"(anonymous_19)","decl":{"start":{"line":131,"column":22},"end":{"line":131,"column":23}},"loc":{"start":{"line":131,"column":29},"end":{"line":142,"column":5}},"line":131},"20":{"name":"(anonymous_20)","decl":{"start":{"line":144,"column":29},"end":{"line":144,"column":30}},"loc":{"start":{"line":144,"column":35},"end":{"line":146,"column":5}},"line":144},"21":{"name":"(anonymous_21)","decl":{"start":{"line":148,"column":27},"end":{"line":148,"column":28}},"loc":{"start":{"line":148,"column":34},"end":{"line":167,"column":5}},"line":148},"22":{"name":"(anonymous_22)","decl":{"start":{"line":150,"column":50},"end":{"line":150,"column":51}},"loc":{"start":{"line":150,"column":58},"end":{"line":155,"column":9}},"line":150},"23":{"name":"(anonymous_23)","decl":{"start":{"line":169,"column":26},"end":{"line":169,"column":27}},"loc":{"start":{"line":169,"column":32},"end":{"line":195,"column":5}},"line":169}},"branchMap":{"0":{"loc":{"start":{"line":91,"column":8},"end":{"line":108,"column":9}},"type":"if","locations":[{"start":{"line":91,"column":8},"end":{"line":108,"column":9}},{"start":{},"end":{}}],"line":91},"1":{"loc":{"start":{"line":98,"column":12},"end":{"line":100,"column":13}},"type":"if","locations":[{"start":{"line":98,"column":12},"end":{"line":100,"column":13}},{"start":{},"end":{}}],"line":98},"2":{"loc":{"start":{"line":98,"column":16},"end":{"line":98,"column":54}},"type":"binary-expr","locations":[{"start":{"line":98,"column":16},"end":{"line":98,"column":25}},{"start":{"line":98,"column":30},"end":{"line":98,"column":41}},{"start":{"line":98,"column":45},"end":{"line":98,"column":53}}],"line":98},"3":{"loc":{"start":{"line":101,"column":12},"end":{"line":107,"column":13}},"type":"if","locations":[{"start":{"line":101,"column":12},"end":{"line":107,"column":13}},{"start":{"line":104,"column":19},"end":{"line":107,"column":13}}],"line":101},"4":{"loc":{"start":{"line":104,"column":19},"end":{"line":107,"column":13}},"type":"if","locations":[{"start":{"line":104,"column":19},"end":{"line":107,"column":13}},{"start":{},"end":{}}],"line":104},"5":{"loc":{"start":{"line":112,"column":8},"end":{"line":118,"column":9}},"type":"if","locations":[{"start":{"line":112,"column":8},"end":{"line":118,"column":9}},{"start":{"line":115,"column":15},"end":{"line":118,"column":9}}],"line":112},"6":{"loc":{"start":{"line":123,"column":8},"end":{"line":128,"column":9}},"type":"if","locations":[{"start":{"line":123,"column":8},"end":{"line":128,"column":9}},{"start":{"line":125,"column":15},"end":{"line":128,"column":9}}],"line":123},"7":{"loc":{"start":{"line":133,"column":20},"end":{"line":133,"column":60}},"type":"binary-expr","locations":[{"start":{"line":133,"column":20},"end":{"line":133,"column":31}},{"start":{"line":133,"column":35},"end":{"line":133,"column":46}},{"start":{"line":133,"column":50},"end":{"line":133,"column":60}}],"line":133},"8":{"loc":{"start":{"line":134,"column":8},"end":{"line":140,"column":9}},"type":"if","locations":[{"start":{"line":134,"column":8},"end":{"line":140,"column":9}},{"start":{},"end":{}}],"line":134},"9":{"loc":{"start":{"line":152,"column":16},"end":{"line":153,"column":62}},"type":"binary-expr","locations":[{"start":{"line":152,"column":16},"end":{"line":152,"column":64}},{"start":{"line":153,"column":16},"end":{"line":153,"column":62}}],"line":152},"10":{"loc":{"start":{"line":156,"column":8},"end":{"line":166,"column":9}},"type":"if","locations":[{"start":{"line":156,"column":8},"end":{"line":166,"column":9}},{"start":{"line":163,"column":15},"end":{"line":166,"column":9}}],"line":156},"11":{"loc":{"start":{"line":203,"column":80},"end":{"line":203,"column":118}},"type":"cond-expr","locations":[{"start":{"line":203,"column":97},"end":{"line":203,"column":113}},{"start":{"line":203,"column":116},"end":{"line":203,"column":118}}],"line":203},"12":{"loc":{"start":{"line":298,"column":80},"end":{"line":298,"column":141}},"type":"cond-expr","locations":[{"start":{"line":298,"column":97},"end":{"line":298,"column":136}},{"start":{"line":298,"column":139},"end":{"line":298,"column":141}}],"line":298},"13":{"loc":{"start":{"line":324,"column":52},"end":{"line":324,"column":90}},"type":"cond-expr","locations":[{"start":{"line":324,"column":69},"end":{"line":324,"column":85}},{"start":{"line":324,"column":88},"end":{"line":324,"column":90}}],"line":324},"14":{"loc":{"start":{"line":327,"column":66},"end":{"line":327,"column":107}},"type":"cond-expr","locations":[{"start":{"line":327,"column":83},"end":{"line":327,"column":102}},{"start":{"line":327,"column":105},"end":{"line":327,"column":107}}],"line":327},"15":{"loc":{"start":{"line":333,"column":66},"end":{"line":333,"column":107}},"type":"cond-expr","locations":[{"start":{"line":333,"column":83},"end":{"line":333,"column":85}},{"start":{"line":333,"column":88},"end":{"line":333,"column":107}}],"line":333}},"s":{"0":1,"1":34,"2":34,"3":34,"4":34,"5":40,"6":34,"7":6,"8":34,"9":5,"10":34,"11":5,"12":34,"13":8,"14":34,"15":34,"16":34,"17":6,"18":6,"19":34,"20":6,"21":5,"22":5,"23":0,"24":6,"25":5,"26":5,"27":0,"28":34,"29":4,"30":34,"31":24,"32":34,"33":2,"34":2,"35":2,"36":2,"37":2,"38":2,"39":2,"40":2,"41":2,"42":2,"43":0,"44":0,"45":2,"46":2,"47":2,"48":34,"49":2,"50":1,"51":1,"52":1,"53":1,"54":34,"55":3,"56":3,"57":2,"58":1,"59":1,"60":34,"61":3,"62":3,"63":3,"64":1,"65":1,"66":1,"67":1,"68":1,"69":3,"70":34,"71":0,"72":34,"73":2,"74":2,"75":2,"76":2,"77":1,"78":1,"79":1,"80":1,"81":1,"82":1,"83":1,"84":1,"85":34,"86":0,"87":34},"f":{"0":34,"1":40,"2":6,"3":5,"4":5,"5":8,"6":6,"7":6,"8":5,"9":5,"10":0,"11":5,"12":5,"13":0,"14":4,"15":24,"16":2,"17":2,"18":3,"19":3,"20":0,"21":2,"22":2,"23":0},"b":{"0":[2,0],"1":[2,0],"2":[2,0,0],"3":[0,2],"4":[2,0],"5":[1,1],"6":[2,1],"7":[3,2,2],"8":[1,2],"9":[2,1],"10":[1,1],"11":[0,34],"12":[0,34],"13":[0,34],"14":[0,34],"15":[0,34]},"_coverageSchema":"1a1c01bbd47fc00a2c39e90264f33305004495a9","hash":"d4b83967be97e8a11e60b70c88456c0d5cdeff42"}
,"E:\\work\\reacttest\\reactdemo\\src\\pages\\main\\main.js": {"path":"E:\\work\\reacttest\\reactdemo\\src\\pages\\main\\main.js","statementMap":{"0":{"start":{"line":15,"column":18},"end":{"line":225,"column":1}},"1":{"start":{"line":16,"column":21},"end":{"line":16,"column":34}},"2":{"start":{"line":17,"column":20},"end":{"line":17,"column":32}},"3":{"start":{"line":18,"column":46},"end":{"line":18,"column":60}},"4":{"start":{"line":19,"column":46},"end":{"line":19,"column":61}},"5":{"start":{"line":20,"column":47},"end":{"line":20,"column":62}},"6":{"start":{"line":21,"column":60},"end":{"line":21,"column":75}},"7":{"start":{"line":23,"column":21},"end":{"line":23,"column":57}},"8":{"start":{"line":23,"column":42},"end":{"line":23,"column":56}},"9":{"start":{"line":24,"column":27},"end":{"line":24,"column":62}},"10":{"start":{"line":24,"column":41},"end":{"line":24,"column":49}},"11":{"start":{"line":25,"column":27},"end":{"line":27,"column":5}},"12":{"start":{"line":26,"column":8},"end":{"line":26,"column":64}},"13":{"start":{"line":29,"column":21},"end":{"line":29,"column":57}},"14":{"start":{"line":29,"column":42},"end":{"line":29,"column":56}},"15":{"start":{"line":30,"column":27},"end":{"line":30,"column":62}},"16":{"start":{"line":30,"column":41},"end":{"line":30,"column":49}},"17":{"start":{"line":31,"column":27},"end":{"line":33,"column":5}},"18":{"start":{"line":32,"column":8},"end":{"line":32,"column":64}},"19":{"start":{"line":35,"column":49},"end":{"line":35,"column":61}},"20":{"start":{"line":37,"column":61},"end":{"line":37,"column":73}},"21":{"start":{"line":39,"column":22},"end":{"line":39,"column":59}},"22":{"start":{"line":39,"column":43},"end":{"line":39,"column":58}},"23":{"start":{"line":40,"column":28},"end":{"line":40,"column":65}},"24":{"start":{"line":40,"column":42},"end":{"line":40,"column":51}},"25":{"start":{"line":41,"column":28},"end":{"line":45,"column":5}},"26":{"start":{"line":42,"column":8},"end":{"line":42,"column":59}},"27":{"start":{"line":43,"column":22},"end":{"line":43,"column":45}},"28":{"start":{"line":44,"column":8},"end":{"line":44,"column":45}},"29":{"start":{"line":47,"column":4},"end":{"line":63,"column":10}},"30":{"start":{"line":48,"column":27},"end":{"line":48,"column":55}},"31":{"start":{"line":49,"column":21},"end":{"line":49,"column":43}},"32":{"start":{"line":50,"column":8},"end":{"line":62,"column":9}},"33":{"start":{"line":51,"column":12},"end":{"line":51,"column":33}},"34":{"start":{"line":52,"column":12},"end":{"line":56,"column":18}},"35":{"start":{"line":53,"column":34},"end":{"line":53,"column":49}},"36":{"start":{"line":55,"column":20},"end":{"line":55,"column":41}},"37":{"start":{"line":57,"column":12},"end":{"line":61,"column":18}},"38":{"start":{"line":58,"column":34},"end":{"line":58,"column":49}},"39":{"start":{"line":60,"column":20},"end":{"line":60,"column":41}},"40":{"start":{"line":65,"column":4},"end":{"line":83,"column":52}},"41":{"start":{"line":66,"column":8},"end":{"line":82,"column":9}},"42":{"start":{"line":67,"column":12},"end":{"line":80,"column":13}},"43":{"start":{"line":68,"column":37},"end":{"line":77,"column":18}},"44":{"start":{"line":69,"column":20},"end":{"line":76,"column":22}},"45":{"start":{"line":78,"column":16},"end":{"line":78,"column":38}},"46":{"start":{"line":79,"column":16},"end":{"line":79,"column":51}},"47":{"start":{"line":85,"column":4},"end":{"line":122,"column":67}},"48":{"start":{"line":86,"column":8},"end":{"line":120,"column":9}},"49":{"start":{"line":87,"column":12},"end":{"line":102,"column":13}},"50":{"start":{"line":88,"column":35},"end":{"line":88,"column":37}},"51":{"start":{"line":89,"column":38},"end":{"line":89,"column":58}},"52":{"start":{"line":90,"column":45},"end":{"line":93,"column":17}},"53":{"start":{"line":92,"column":48},"end":{"line":92,"column":55}},"54":{"start":{"line":94,"column":16},"end":{"line":98,"column":19}},"55":{"start":{"line":95,"column":20},"end":{"line":97,"column":21}},"56":{"start":{"line":96,"column":24},"end":{"line":96,"column":51}},"57":{"start":{"line":99,"column":16},"end":{"line":99,"column":39}},"58":{"start":{"line":100,"column":16},"end":{"line":100,"column":57}},"59":{"start":{"line":103,"column":15},"end":{"line":120,"column":9}},"60":{"start":{"line":104,"column":12},"end":{"line":119,"column":13}},"61":{"start":{"line":105,"column":35},"end":{"line":105,"column":37}},"62":{"start":{"line":106,"column":38},"end":{"line":106,"column":58}},"63":{"start":{"line":107,"column":45},"end":{"line":110,"column":17}},"64":{"start":{"line":109,"column":48},"end":{"line":109,"column":55}},"65":{"start":{"line":111,"column":16},"end":{"line":115,"column":19}},"66":{"start":{"line":112,"column":20},"end":{"line":114,"column":21}},"67":{"start":{"line":113,"column":24},"end":{"line":113,"column":51}},"68":{"start":{"line":116,"column":16},"end":{"line":116,"column":39}},"69":{"start":{"line":117,"column":16},"end":{"line":117,"column":57}},"70":{"start":{"line":126,"column":27},"end":{"line":129,"column":5}},"71":{"start":{"line":127,"column":36},"end":{"line":127,"column":83}},"72":{"start":{"line":127,"column":64},"end":{"line":127,"column":82}},"73":{"start":{"line":128,"column":8},"end":{"line":128,"column":50}},"74":{"start":{"line":131,"column":26},"end":{"line":138,"column":5}},"75":{"start":{"line":132,"column":8},"end":{"line":137,"column":9}},"76":{"start":{"line":133,"column":22},"end":{"line":133,"column":65}},"77":{"start":{"line":134,"column":12},"end":{"line":134,"column":52}},"78":{"start":{"line":135,"column":12},"end":{"line":135,"column":33}},"79":{"start":{"line":140,"column":4},"end":{"line":148,"column":10}},"80":{"start":{"line":141,"column":27},"end":{"line":141,"column":55}},"81":{"start":{"line":142,"column":21},"end":{"line":142,"column":43}},"82":{"start":{"line":143,"column":8},"end":{"line":147,"column":9}},"83":{"start":{"line":144,"column":12},"end":{"line":144,"column":33}},"84":{"start":{"line":146,"column":12},"end":{"line":146,"column":34}},"85":{"start":{"line":150,"column":26},"end":{"line":156,"column":5}},"86":{"start":{"line":151,"column":8},"end":{"line":155,"column":9}},"87":{"start":{"line":152,"column":12},"end":{"line":152,"column":76}},"88":{"start":{"line":152,"column":51},"end":{"line":152,"column":74}},"89":{"start":{"line":153,"column":12},"end":{"line":153,"column":52}},"90":{"start":{"line":160,"column":28},"end":{"line":169,"column":5}},"91":{"start":{"line":161,"column":29},"end":{"line":161,"column":89}},"92":{"start":{"line":161,"column":60},"end":{"line":161,"column":88}},"93":{"start":{"line":162,"column":8},"end":{"line":168,"column":9}},"94":{"start":{"line":163,"column":12},"end":{"line":163,"column":68}},"95":{"start":{"line":164,"column":12},"end":{"line":164,"column":41}},"96":{"start":{"line":165,"column":12},"end":{"line":165,"column":49}},"97":{"start":{"line":167,"column":12},"end":{"line":167,"column":40}},"98":{"start":{"line":171,"column":25},"end":{"line":180,"column":5}},"99":{"start":{"line":172,"column":29},"end":{"line":175,"column":10}},"100":{"start":{"line":173,"column":36},"end":{"line":173,"column":39}},"101":{"start":{"line":174,"column":12},"end":{"line":174,"column":83}},"102":{"start":{"line":176,"column":8},"end":{"line":176,"column":48}},"103":{"start":{"line":177,"column":8},"end":{"line":179,"column":9}},"104":{"start":{"line":178,"column":12},"end":{"line":178,"column":45}},"105":{"start":{"line":182,"column":4},"end":{"line":224,"column":5}},"106":{"start":{"line":206,"column":32},"end":{"line":206,"column":98}},"107":{"start":{"line":213,"column":28},"end":{"line":213,"column":90}}},"fnMap":{"0":{"name":"(anonymous_0)","decl":{"start":{"line":15,"column":18},"end":{"line":15,"column":19}},"loc":{"start":{"line":15,"column":24},"end":{"line":225,"column":1}},"line":15},"1":{"name":"(anonymous_1)","decl":{"start":{"line":23,"column":33},"end":{"line":23,"column":34}},"loc":{"start":{"line":23,"column":42},"end":{"line":23,"column":56}},"line":23},"2":{"name":"(anonymous_2)","decl":{"start":{"line":24,"column":35},"end":{"line":24,"column":36}},"loc":{"start":{"line":24,"column":41},"end":{"line":24,"column":49}},"line":24},"3":{"name":"(anonymous_3)","decl":{"start":{"line":25,"column":27},"end":{"line":25,"column":28}},"loc":{"start":{"line":25,"column":40},"end":{"line":27,"column":5}},"line":25},"4":{"name":"(anonymous_4)","decl":{"start":{"line":29,"column":33},"end":{"line":29,"column":34}},"loc":{"start":{"line":29,"column":42},"end":{"line":29,"column":56}},"line":29},"5":{"name":"(anonymous_5)","decl":{"start":{"line":30,"column":35},"end":{"line":30,"column":36}},"loc":{"start":{"line":30,"column":41},"end":{"line":30,"column":49}},"line":30},"6":{"name":"(anonymous_6)","decl":{"start":{"line":31,"column":27},"end":{"line":31,"column":28}},"loc":{"start":{"line":31,"column":40},"end":{"line":33,"column":5}},"line":31},"7":{"name":"(anonymous_7)","decl":{"start":{"line":39,"column":34},"end":{"line":39,"column":35}},"loc":{"start":{"line":39,"column":43},"end":{"line":39,"column":58}},"line":39},"8":{"name":"(anonymous_8)","decl":{"start":{"line":40,"column":36},"end":{"line":40,"column":37}},"loc":{"start":{"line":40,"column":42},"end":{"line":40,"column":51}},"line":40},"9":{"name":"(anonymous_9)","decl":{"start":{"line":41,"column":28},"end":{"line":41,"column":29}},"loc":{"start":{"line":41,"column":41},"end":{"line":45,"column":5}},"line":41},"10":{"name":"(anonymous_10)","decl":{"start":{"line":47,"column":14},"end":{"line":47,"column":15}},"loc":{"start":{"line":47,"column":20},"end":{"line":63,"column":5}},"line":47},"11":{"name":"(anonymous_11)","decl":{"start":{"line":53,"column":22},"end":{"line":53,"column":23}},"loc":{"start":{"line":53,"column":34},"end":{"line":53,"column":49}},"line":53},"12":{"name":"(anonymous_12)","decl":{"start":{"line":54,"column":22},"end":{"line":54,"column":23}},"loc":{"start":{"line":54,"column":30},"end":{"line":56,"column":17}},"line":54},"13":{"name":"(anonymous_13)","decl":{"start":{"line":58,"column":22},"end":{"line":58,"column":23}},"loc":{"start":{"line":58,"column":34},"end":{"line":58,"column":49}},"line":58},"14":{"name":"(anonymous_14)","decl":{"start":{"line":59,"column":22},"end":{"line":59,"column":23}},"loc":{"start":{"line":59,"column":30},"end":{"line":61,"column":17}},"line":59},"15":{"name":"(anonymous_15)","decl":{"start":{"line":65,"column":14},"end":{"line":65,"column":15}},"loc":{"start":{"line":65,"column":20},"end":{"line":83,"column":5}},"line":65},"16":{"name":"(anonymous_16)","decl":{"start":{"line":68,"column":59},"end":{"line":68,"column":60}},"loc":{"start":{"line":68,"column":67},"end":{"line":77,"column":17}},"line":68},"17":{"name":"(anonymous_17)","decl":{"start":{"line":85,"column":14},"end":{"line":85,"column":15}},"loc":{"start":{"line":85,"column":20},"end":{"line":122,"column":5}},"line":85},"18":{"name":"(anonymous_18)","decl":{"start":{"line":92,"column":40},"end":{"line":92,"column":41}},"loc":{"start":{"line":92,"column":48},"end":{"line":92,"column":55}},"line":92},"19":{"name":"(anonymous_19)","decl":{"start":{"line":94,"column":39},"end":{"line":94,"column":40}},"loc":{"start":{"line":94,"column":50},"end":{"line":98,"column":17}},"line":94},"20":{"name":"(anonymous_20)","decl":{"start":{"line":109,"column":40},"end":{"line":109,"column":41}},"loc":{"start":{"line":109,"column":48},"end":{"line":109,"column":55}},"line":109},"21":{"name":"(anonymous_21)","decl":{"start":{"line":111,"column":39},"end":{"line":111,"column":40}},"loc":{"start":{"line":111,"column":50},"end":{"line":115,"column":17}},"line":111},"22":{"name":"(anonymous_22)","decl":{"start":{"line":126,"column":27},"end":{"line":126,"column":28}},"loc":{"start":{"line":126,"column":39},"end":{"line":129,"column":5}},"line":126},"23":{"name":"(anonymous_23)","decl":{"start":{"line":127,"column":56},"end":{"line":127,"column":57}},"loc":{"start":{"line":127,"column":64},"end":{"line":127,"column":82}},"line":127},"24":{"name":"(anonymous_24)","decl":{"start":{"line":131,"column":26},"end":{"line":131,"column":27}},"loc":{"start":{"line":131,"column":40},"end":{"line":138,"column":5}},"line":131},"25":{"name":"(anonymous_25)","decl":{"start":{"line":140,"column":14},"end":{"line":140,"column":15}},"loc":{"start":{"line":140,"column":20},"end":{"line":148,"column":5}},"line":140},"26":{"name":"(anonymous_26)","decl":{"start":{"line":150,"column":26},"end":{"line":150,"column":27}},"loc":{"start":{"line":150,"column":40},"end":{"line":156,"column":5}},"line":150},"27":{"name":"(anonymous_27)","decl":{"start":{"line":152,"column":39},"end":{"line":152,"column":40}},"loc":{"start":{"line":152,"column":51},"end":{"line":152,"column":74}},"line":152},"28":{"name":"(anonymous_28)","decl":{"start":{"line":160,"column":28},"end":{"line":160,"column":29}},"loc":{"start":{"line":160,"column":40},"end":{"line":169,"column":5}},"line":160},"29":{"name":"(anonymous_29)","decl":{"start":{"line":161,"column":51},"end":{"line":161,"column":52}},"loc":{"start":{"line":161,"column":60},"end":{"line":161,"column":88}},"line":161},"30":{"name":"(anonymous_30)","decl":{"start":{"line":171,"column":25},"end":{"line":171,"column":26}},"loc":{"start":{"line":171,"column":41},"end":{"line":180,"column":5}},"line":171},"31":{"name":"(anonymous_31)","decl":{"start":{"line":172,"column":55},"end":{"line":172,"column":56}},"loc":{"start":{"line":172,"column":64},"end":{"line":175,"column":9}},"line":172},"32":{"name":"(anonymous_32)","decl":{"start":{"line":205,"column":46},"end":{"line":205,"column":47}},"loc":{"start":{"line":206,"column":32},"end":{"line":206,"column":98}},"line":206},"33":{"name":"(anonymous_33)","decl":{"start":{"line":212,"column":48},"end":{"line":212,"column":49}},"loc":{"start":{"line":213,"column":28},"end":{"line":213,"column":90}},"line":213}},"branchMap":{"0":{"loc":{"start":{"line":50,"column":8},"end":{"line":62,"column":9}},"type":"if","locations":[{"start":{"line":50,"column":8},"end":{"line":62,"column":9}},{"start":{},"end":{}}],"line":50},"1":{"loc":{"start":{"line":67,"column":12},"end":{"line":80,"column":13}},"type":"if","locations":[{"start":{"line":67,"column":12},"end":{"line":80,"column":13}},{"start":{},"end":{}}],"line":67},"2":{"loc":{"start":{"line":67,"column":16},"end":{"line":67,"column":60}},"type":"binary-expr","locations":[{"start":{"line":67,"column":16},"end":{"line":67,"column":30}},{"start":{"line":67,"column":34},"end":{"line":67,"column":60}}],"line":67},"3":{"loc":{"start":{"line":70,"column":24},"end":{"line":75,"column":68}},"type":"binary-expr","locations":[{"start":{"line":70,"column":24},"end":{"line":70,"column":65}},{"start":{"line":71,"column":24},"end":{"line":71,"column":65}},{"start":{"line":72,"column":24},"end":{"line":72,"column":65}},{"start":{"line":73,"column":25},"end":{"line":73,"column":49}},{"start":{"line":73,"column":53},"end":{"line":73,"column":67}},{"start":{"line":74,"column":25},"end":{"line":74,"column":49}},{"start":{"line":74,"column":53},"end":{"line":74,"column":67}},{"start":{"line":75,"column":25},"end":{"line":75,"column":49}},{"start":{"line":75,"column":53},"end":{"line":75,"column":67}}],"line":70},"4":{"loc":{"start":{"line":86,"column":8},"end":{"line":120,"column":9}},"type":"if","locations":[{"start":{"line":86,"column":8},"end":{"line":120,"column":9}},{"start":{"line":103,"column":15},"end":{"line":120,"column":9}}],"line":86},"5":{"loc":{"start":{"line":86,"column":12},"end":{"line":86,"column":43}},"type":"binary-expr","locations":[{"start":{"line":86,"column":12},"end":{"line":86,"column":25}},{"start":{"line":86,"column":29},"end":{"line":86,"column":43}}],"line":86},"6":{"loc":{"start":{"line":95,"column":20},"end":{"line":97,"column":21}},"type":"if","locations":[{"start":{"line":95,"column":20},"end":{"line":97,"column":21}},{"start":{},"end":{}}],"line":95},"7":{"loc":{"start":{"line":103,"column":15},"end":{"line":120,"column":9}},"type":"if","locations":[{"start":{"line":103,"column":15},"end":{"line":120,"column":9}},{"start":{},"end":{}}],"line":103},"8":{"loc":{"start":{"line":103,"column":19},"end":{"line":103,"column":57}},"type":"binary-expr","locations":[{"start":{"line":103,"column":19},"end":{"line":103,"column":39}},{"start":{"line":103,"column":43},"end":{"line":103,"column":57}}],"line":103},"9":{"loc":{"start":{"line":112,"column":20},"end":{"line":114,"column":21}},"type":"if","locations":[{"start":{"line":112,"column":20},"end":{"line":114,"column":21}},{"start":{},"end":{}}],"line":112},"10":{"loc":{"start":{"line":143,"column":8},"end":{"line":147,"column":9}},"type":"if","locations":[{"start":{"line":143,"column":8},"end":{"line":147,"column":9}},{"start":{"line":145,"column":15},"end":{"line":147,"column":9}}],"line":143},"11":{"loc":{"start":{"line":143,"column":12},"end":{"line":143,"column":35}},"type":"binary-expr","locations":[{"start":{"line":143,"column":12},"end":{"line":143,"column":16}},{"start":{"line":143,"column":20},"end":{"line":143,"column":35}}],"line":143},"12":{"loc":{"start":{"line":162,"column":8},"end":{"line":168,"column":9}},"type":"if","locations":[{"start":{"line":162,"column":8},"end":{"line":168,"column":9}},{"start":{"line":166,"column":15},"end":{"line":168,"column":9}}],"line":162},"13":{"loc":{"start":{"line":174,"column":19},"end":{"line":174,"column":82}},"type":"binary-expr","locations":[{"start":{"line":174,"column":19},"end":{"line":174,"column":49}},{"start":{"line":174,"column":53},"end":{"line":174,"column":82}}],"line":174},"14":{"loc":{"start":{"line":177,"column":8},"end":{"line":179,"column":9}},"type":"if","locations":[{"start":{"line":177,"column":8},"end":{"line":179,"column":9}},{"start":{},"end":{}}],"line":177},"15":{"loc":{"start":{"line":190,"column":34},"end":{"line":190,"column":115}},"type":"binary-expr","locations":[{"start":{"line":190,"column":34},"end":{"line":190,"column":49}},{"start":{"line":190,"column":53},"end":{"line":190,"column":76}},{"start":{"line":190,"column":80},"end":{"line":190,"column":115}}],"line":190},"16":{"loc":{"start":{"line":191,"column":28},"end":{"line":191,"column":99}},"type":"binary-expr","locations":[{"start":{"line":191,"column":28},"end":{"line":191,"column":43}},{"start":{"line":191,"column":47},"end":{"line":191,"column":71}},{"start":{"line":191,"column":75},"end":{"line":191,"column":99}}],"line":191}},"s":{"0":1,"1":21,"2":21,"3":21,"4":21,"5":21,"6":21,"7":21,"8":28,"9":21,"10":7,"11":21,"12":7,"13":21,"14":28,"15":21,"16":7,"17":21,"18":8,"19":21,"20":21,"21":21,"22":28,"23":21,"24":7,"25":21,"26":15,"27":15,"28":15,"29":21,"30":7,"31":7,"32":7,"33":7,"34":7,"35":7,"36":7,"37":7,"38":7,"39":7,"40":21,"41":7,"42":7,"43":3,"44":30,"45":3,"46":3,"47":21,"48":15,"49":3,"50":3,"51":3,"52":3,"53":9,"54":3,"55":45,"56":15,"57":3,"58":3,"59":12,"60":1,"61":1,"62":1,"63":1,"64":1,"65":1,"66":15,"67":3,"68":1,"69":1,"70":21,"71":0,"72":0,"73":0,"74":21,"75":1,"76":1,"77":1,"78":1,"79":21,"80":7,"81":7,"82":7,"83":7,"84":0,"85":21,"86":1,"87":1,"88":1,"89":1,"90":21,"91":1,"92":10,"93":1,"94":1,"95":1,"96":1,"97":0,"98":21,"99":8,"100":0,"101":0,"102":8,"103":8,"104":7,"105":21,"106":23,"107":24},"f":{"0":21,"1":28,"2":7,"3":7,"4":28,"5":7,"6":8,"7":28,"8":7,"9":15,"10":7,"11":7,"12":7,"13":7,"14":7,"15":7,"16":30,"17":15,"18":9,"19":45,"20":1,"21":15,"22":0,"23":0,"24":1,"25":7,"26":1,"27":1,"28":1,"29":10,"30":8,"31":0,"32":23,"33":24},"b":{"0":[7,0],"1":[3,4],"2":[7,4],"3":[30,27,24,21,0,21,0,21,0],"4":[3,12],"5":[15,3],"6":[15,30],"7":[1,11],"8":[12,1],"9":[3,12],"10":[7,0],"11":[7,0],"12":[1,0],"13":[0,0],"14":[7,1],"15":[21,21,10],"16":[21,21,21]},"_coverageSchema":"1a1c01bbd47fc00a2c39e90264f33305004495a9","hash":"3ef42e6ecc84e26cfd94f222ce4a61759305df4e"}
,"E:\\work\\reacttest\\reactdemo\\src\\pages\\main\\compoment\\Addfollow.js": {"path":"E:\\work\\reacttest\\reactdemo\\src\\pages\\main\\compoment\\Addfollow.js","statementMap":{"0":{"start":{"line":4,"column":20},"end":{"line":42,"column":1}},"1":{"start":{"line":5,"column":28},"end":{"line":7,"column":6}},"2":{"start":{"line":9,"column":30},"end":{"line":15,"column":5}},"3":{"start":{"line":10,"column":32},"end":{"line":10,"column":44}},"4":{"start":{"line":11,"column":8},"end":{"line":14,"column":12}},"5":{"start":{"line":11,"column":29},"end":{"line":14,"column":9}},"6":{"start":{"line":18,"column":25},"end":{"line":21,"column":5}},"7":{"start":{"line":19,"column":8},"end":{"line":19,"column":31}},"8":{"start":{"line":20,"column":8},"end":{"line":20,"column":29}},"9":{"start":{"line":22,"column":4},"end":{"line":41,"column":6}}},"fnMap":{"0":{"name":"(anonymous_0)","decl":{"start":{"line":4,"column":20},"end":{"line":4,"column":21}},"loc":{"start":{"line":4,"column":44},"end":{"line":42,"column":1}},"line":4},"1":{"name":"(anonymous_1)","decl":{"start":{"line":9,"column":30},"end":{"line":9,"column":31}},"loc":{"start":{"line":9,"column":41},"end":{"line":15,"column":5}},"line":9},"2":{"name":"(anonymous_2)","decl":{"start":{"line":11,"column":16},"end":{"line":11,"column":17}},"loc":{"start":{"line":11,"column":29},"end":{"line":14,"column":9}},"line":11},"3":{"name":"(anonymous_3)","decl":{"start":{"line":18,"column":25},"end":{"line":18,"column":26}},"loc":{"start":{"line":18,"column":36},"end":{"line":21,"column":5}},"line":18}},"branchMap":{},"s":{"0":1,"1":22,"2":22,"3":1,"4":1,"5":1,"6":22,"7":1,"8":1,"9":22},"f":{"0":22,"1":1,"2":1,"3":1},"b":{},"_coverageSchema":"1a1c01bbd47fc00a2c39e90264f33305004495a9","hash":"e6db1bce97ec46f9af2e823722eda989c06b8486"}
,"E:\\work\\reacttest\\reactdemo\\src\\pages\\main\\compoment\\Followed.js": {"path":"E:\\work\\reacttest\\reactdemo\\src\\pages\\main\\compoment\\Followed.js","statementMap":{"0":{"start":{"line":4,"column":19},"end":{"line":26,"column":1}},"1":{"start":{"line":5,"column":32},"end":{"line":7,"column":5}},"2":{"start":{"line":6,"column":8},"end":{"line":6,"column":28}},"3":{"start":{"line":8,"column":4},"end":{"line":25,"column":6}}},"fnMap":{"0":{"name":"(anonymous_0)","decl":{"start":{"line":4,"column":19},"end":{"line":4,"column":20}},"loc":{"start":{"line":4,"column":44},"end":{"line":26,"column":1}},"line":4},"1":{"name":"(anonymous_1)","decl":{"start":{"line":5,"column":32},"end":{"line":5,"column":33}},"loc":{"start":{"line":5,"column":38},"end":{"line":7,"column":5}},"line":5}},"branchMap":{},"s":{"0":1,"1":23,"2":0,"3":23},"f":{"0":23,"1":0},"b":{},"_coverageSchema":"1a1c01bbd47fc00a2c39e90264f33305004495a9","hash":"117ba9221521f05fc6e45d06d899e9228258ac9e"}
,"E:\\work\\reacttest\\reactdemo\\src\\pages\\main\\compoment\\SearchBar.js": {"path":"E:\\work\\reacttest\\reactdemo\\src\\pages\\main\\compoment\\SearchBar.js","statementMap":{"0":{"start":{"line":4,"column":20},"end":{"line":27,"column":1}},"1":{"start":{"line":5,"column":28},"end":{"line":7,"column":6}},"2":{"start":{"line":9,"column":30},"end":{"line":16,"column":5}},"3":{"start":{"line":10,"column":32},"end":{"line":10,"column":44}},"4":{"start":{"line":11,"column":8},"end":{"line":14,"column":12}},"5":{"start":{"line":11,"column":29},"end":{"line":14,"column":9}},"6":{"start":{"line":18,"column":4},"end":{"line":20,"column":13}},"7":{"start":{"line":19,"column":8},"end":{"line":19,"column":27}},"8":{"start":{"line":21,"column":4},"end":{"line":26,"column":6}}},"fnMap":{"0":{"name":"(anonymous_0)","decl":{"start":{"line":4,"column":20},"end":{"line":4,"column":21}},"loc":{"start":{"line":4,"column":43},"end":{"line":27,"column":1}},"line":4},"1":{"name":"(anonymous_1)","decl":{"start":{"line":9,"column":30},"end":{"line":9,"column":31}},"loc":{"start":{"line":9,"column":41},"end":{"line":16,"column":5}},"line":9},"2":{"name":"(anonymous_2)","decl":{"start":{"line":11,"column":16},"end":{"line":11,"column":17}},"loc":{"start":{"line":11,"column":29},"end":{"line":14,"column":9}},"line":11},"3":{"name":"(anonymous_3)","decl":{"start":{"line":18,"column":14},"end":{"line":18,"column":15}},"loc":{"start":{"line":18,"column":18},"end":{"line":20,"column":5}},"line":18}},"branchMap":{},"s":{"0":1,"1":22,"2":22,"3":1,"4":1,"5":1,"6":22,"7":8,"8":22},"f":{"0":22,"1":1,"2":1,"3":8},"b":{},"_coverageSchema":"1a1c01bbd47fc00a2c39e90264f33305004495a9","hash":"c291a75624ef16df2d13c4132c12bbabcb1699b2"}
,"E:\\work\\reacttest\\reactdemo\\src\\pages\\main\\compoment\\Trends.js": {"path":"E:\\work\\reacttest\\reactdemo\\src\\pages\\main\\compoment\\Trends.js","statementMap":{"0":{"start":{"line":5,"column":15},"end":{"line":84,"column":1}},"1":{"start":{"line":6,"column":21},"end":{"line":6,"column":57}},"2":{"start":{"line":6,"column":42},"end":{"line":6,"column":56}},"3":{"start":{"line":7,"column":38},"end":{"line":7,"column":52}},"4":{"start":{"line":8,"column":32},"end":{"line":8,"column":46}},"5":{"start":{"line":11,"column":4},"end":{"line":21,"column":11}},"6":{"start":{"line":12,"column":26},"end":{"line":12,"column":36}},"7":{"start":{"line":13,"column":21},"end":{"line":13,"column":40}},"8":{"start":{"line":14,"column":21},"end":{"line":14,"column":39}},"9":{"start":{"line":15,"column":22},"end":{"line":15,"column":41}},"10":{"start":{"line":16,"column":20},"end":{"line":16,"column":34}},"11":{"start":{"line":17,"column":22},"end":{"line":17,"column":37}},"12":{"start":{"line":18,"column":24},"end":{"line":18,"column":41}},"13":{"start":{"line":19,"column":24},"end":{"line":19,"column":41}},"14":{"start":{"line":20,"column":8},"end":{"line":20,"column":79}},"15":{"start":{"line":24,"column":4},"end":{"line":26,"column":14}},"16":{"start":{"line":25,"column":8},"end":{"line":25,"column":65}},"17":{"start":{"line":25,"column":40},"end":{"line":25,"column":63}},"18":{"start":{"line":27,"column":4},"end":{"line":83,"column":6}}},"fnMap":{"0":{"name":"(anonymous_0)","decl":{"start":{"line":5,"column":15},"end":{"line":5,"column":16}},"loc":{"start":{"line":5,"column":29},"end":{"line":84,"column":1}},"line":5},"1":{"name":"(anonymous_1)","decl":{"start":{"line":6,"column":33},"end":{"line":6,"column":34}},"loc":{"start":{"line":6,"column":42},"end":{"line":6,"column":56}},"line":6},"2":{"name":"(anonymous_2)","decl":{"start":{"line":11,"column":14},"end":{"line":11,"column":15}},"loc":{"start":{"line":11,"column":20},"end":{"line":21,"column":5}},"line":11},"3":{"name":"(anonymous_3)","decl":{"start":{"line":24,"column":14},"end":{"line":24,"column":15}},"loc":{"start":{"line":24,"column":20},"end":{"line":26,"column":5}},"line":24},"4":{"name":"(anonymous_4)","decl":{"start":{"line":25,"column":32},"end":{"line":25,"column":33}},"loc":{"start":{"line":25,"column":40},"end":{"line":25,"column":63}},"line":25}},"branchMap":{"0":{"loc":{"start":{"line":43,"column":17},"end":{"line":47,"column":17}},"type":"binary-expr","locations":[{"start":{"line":43,"column":17},"end":{"line":43,"column":41}},{"start":{"line":44,"column":20},"end":{"line":46,"column":26}}],"line":43},"1":{"loc":{"start":{"line":48,"column":17},"end":{"line":50,"column":17}},"type":"binary-expr","locations":[{"start":{"line":48,"column":17},"end":{"line":48,"column":32}},{"start":{"line":49,"column":20},"end":{"line":49,"column":66}}],"line":48},"2":{"loc":{"start":{"line":59,"column":25},"end":{"line":63,"column":25}},"type":"cond-expr","locations":[{"start":{"line":60,"column":28},"end":{"line":60,"column":46}},{"start":{"line":62,"column":28},"end":{"line":62,"column":81}}],"line":59},"3":{"loc":{"start":{"line":62,"column":28},"end":{"line":62,"column":81}},"type":"binary-expr","locations":[{"start":{"line":62,"column":28},"end":{"line":62,"column":34}},{"start":{"line":62,"column":38},"end":{"line":62,"column":53}},{"start":{"line":62,"column":57},"end":{"line":62,"column":81}}],"line":62},"4":{"loc":{"start":{"line":65,"column":28},"end":{"line":65,"column":61}},"type":"cond-expr","locations":[{"start":{"line":65,"column":40},"end":{"line":65,"column":49}},{"start":{"line":65,"column":52},"end":{"line":65,"column":61}}],"line":65}},"s":{"0":1,"1":47,"2":66,"3":47,"4":47,"5":47,"6":19,"7":19,"8":19,"9":19,"10":19,"11":19,"12":19,"13":19,"14":19,"15":47,"16":24,"17":77,"18":47},"f":{"0":47,"1":66,"2":19,"3":24,"4":77},"b":{"0":[47,45],"1":[47,2],"2":[0,47],"3":[47,27,27],"4":[2,45]},"_coverageSchema":"1a1c01bbd47fc00a2c39e90264f33305004495a9","hash":"3392579a4fffe93149617b991b251f1ed8ec2c2e"}
,"E:\\work\\reacttest\\reactdemo\\src\\pages\\main\\compoment\\Updatestate.js": {"path":"E:\\work\\reacttest\\reactdemo\\src\\pages\\main\\compoment\\Updatestate.js","statementMap":{"0":{"start":{"line":4,"column":20},"end":{"line":63,"column":1}},"1":{"start":{"line":5,"column":28},"end":{"line":8,"column":6}},"2":{"start":{"line":10,"column":30},"end":{"line":16,"column":5}},"3":{"start":{"line":11,"column":32},"end":{"line":11,"column":44}},"4":{"start":{"line":12,"column":8},"end":{"line":15,"column":12}},"5":{"start":{"line":12,"column":29},"end":{"line":15,"column":9}},"6":{"start":{"line":18,"column":30},"end":{"line":24,"column":5}},"7":{"start":{"line":19,"column":21},"end":{"line":19,"column":42}},"8":{"start":{"line":20,"column":8},"end":{"line":23,"column":12}},"9":{"start":{"line":20,"column":29},"end":{"line":23,"column":9}},"10":{"start":{"line":26,"column":25},"end":{"line":29,"column":5}},"11":{"start":{"line":27,"column":8},"end":{"line":27,"column":31}},"12":{"start":{"line":28,"column":8},"end":{"line":28,"column":27}},"13":{"start":{"line":30,"column":4},"end":{"line":62,"column":6}}},"fnMap":{"0":{"name":"(anonymous_0)","decl":{"start":{"line":4,"column":20},"end":{"line":4,"column":21}},"loc":{"start":{"line":4,"column":42},"end":{"line":63,"column":1}},"line":4},"1":{"name":"(anonymous_1)","decl":{"start":{"line":10,"column":30},"end":{"line":10,"column":31}},"loc":{"start":{"line":10,"column":41},"end":{"line":16,"column":5}},"line":10},"2":{"name":"(anonymous_2)","decl":{"start":{"line":12,"column":16},"end":{"line":12,"column":17}},"loc":{"start":{"line":12,"column":29},"end":{"line":15,"column":9}},"line":12},"3":{"name":"(anonymous_3)","decl":{"start":{"line":18,"column":30},"end":{"line":18,"column":31}},"loc":{"start":{"line":18,"column":41},"end":{"line":24,"column":5}},"line":18},"4":{"name":"(anonymous_4)","decl":{"start":{"line":20,"column":16},"end":{"line":20,"column":17}},"loc":{"start":{"line":20,"column":29},"end":{"line":23,"column":9}},"line":20},"5":{"name":"(anonymous_5)","decl":{"start":{"line":26,"column":25},"end":{"line":26,"column":26}},"loc":{"start":{"line":26,"column":36},"end":{"line":29,"column":5}},"line":26}},"branchMap":{},"s":{"0":1,"1":22,"2":22,"3":1,"4":1,"5":1,"6":22,"7":0,"8":0,"9":0,"10":22,"11":1,"12":1,"13":22},"f":{"0":22,"1":1,"2":1,"3":0,"4":0,"5":1},"b":{},"_coverageSchema":"1a1c01bbd47fc00a2c39e90264f33305004495a9","hash":"076dbe21b59815eb74bbae895f8fc6d6cde4d329"}
,"E:\\work\\reacttest\\reactdemo\\src\\pages\\main\\compoment\\Updatetrend.js": {"path":"E:\\work\\reacttest\\reactdemo\\src\\pages\\main\\compoment\\Updatetrend.js","statementMap":{"0":{"start":{"line":4,"column":20},"end":{"line":134,"column":1}},"1":{"start":{"line":5,"column":26},"end":{"line":12,"column":4}},"2":{"start":{"line":13,"column":2},"end":{"line":22,"column":9}},"3":{"start":{"line":14,"column":23},"end":{"line":14,"column":51}},"4":{"start":{"line":15,"column":17},"end":{"line":15,"column":59}},"5":{"start":{"line":16,"column":4},"end":{"line":21,"column":5}},"6":{"start":{"line":17,"column":6},"end":{"line":20,"column":10}},"7":{"start":{"line":17,"column":27},"end":{"line":20,"column":7}},"8":{"start":{"line":24,"column":2},"end":{"line":28,"column":18}},"9":{"start":{"line":25,"column":4},"end":{"line":27,"column":5}},"10":{"start":{"line":26,"column":6},"end":{"line":26,"column":25}},"11":{"start":{"line":30,"column":28},"end":{"line":36,"column":3}},"12":{"start":{"line":31,"column":28},"end":{"line":31,"column":40}},"13":{"start":{"line":32,"column":4},"end":{"line":35,"column":8}},"14":{"start":{"line":32,"column":25},"end":{"line":35,"column":5}},"15":{"start":{"line":38,"column":28},"end":{"line":45,"column":3}},"16":{"start":{"line":39,"column":17},"end":{"line":39,"column":38}},"17":{"start":{"line":40,"column":4},"end":{"line":44,"column":8}},"18":{"start":{"line":40,"column":25},"end":{"line":44,"column":5}},"19":{"start":{"line":47,"column":19},"end":{"line":56,"column":3}},"20":{"start":{"line":48,"column":4},"end":{"line":55,"column":8}},"21":{"start":{"line":48,"column":25},"end":{"line":55,"column":5}},"22":{"start":{"line":58,"column":23},"end":{"line":74,"column":3}},"23":{"start":{"line":59,"column":4},"end":{"line":59,"column":27}},"24":{"start":{"line":60,"column":22},"end":{"line":60,"column":32}},"25":{"start":{"line":61,"column":21},"end":{"line":61,"column":40}},"26":{"start":{"line":62,"column":21},"end":{"line":62,"column":39}},"27":{"start":{"line":63,"column":22},"end":{"line":63,"column":41}},"28":{"start":{"line":64,"column":20},"end":{"line":64,"column":34}},"29":{"start":{"line":65,"column":22},"end":{"line":65,"column":37}},"30":{"start":{"line":66,"column":24},"end":{"line":66,"column":41}},"31":{"start":{"line":67,"column":24},"end":{"line":67,"column":41}},"32":{"start":{"line":68,"column":4},"end":{"line":73,"column":5}},"33":{"start":{"line":69,"column":6},"end":{"line":72,"column":10}},"34":{"start":{"line":69,"column":27},"end":{"line":72,"column":7}},"35":{"start":{"line":76,"column":2},"end":{"line":133,"column":4}},"36":{"start":{"line":127,"column":28},"end":{"line":127,"column":100}},"37":{"start":{"line":127,"column":49},"end":{"line":127,"column":98}}},"fnMap":{"0":{"name":"(anonymous_0)","decl":{"start":{"line":4,"column":20},"end":{"line":4,"column":21}},"loc":{"start":{"line":4,"column":43},"end":{"line":134,"column":1}},"line":4},"1":{"name":"(anonymous_1)","decl":{"start":{"line":13,"column":12},"end":{"line":13,"column":13}},"loc":{"start":{"line":13,"column":18},"end":{"line":22,"column":3}},"line":13},"2":{"name":"(anonymous_2)","decl":{"start":{"line":17,"column":14},"end":{"line":17,"column":15}},"loc":{"start":{"line":17,"column":27},"end":{"line":20,"column":7}},"line":17},"3":{"name":"(anonymous_3)","decl":{"start":{"line":24,"column":12},"end":{"line":24,"column":13}},"loc":{"start":{"line":24,"column":18},"end":{"line":28,"column":3}},"line":24},"4":{"name":"(anonymous_4)","decl":{"start":{"line":30,"column":28},"end":{"line":30,"column":29}},"loc":{"start":{"line":30,"column":39},"end":{"line":36,"column":3}},"line":30},"5":{"name":"(anonymous_5)","decl":{"start":{"line":32,"column":12},"end":{"line":32,"column":13}},"loc":{"start":{"line":32,"column":25},"end":{"line":35,"column":5}},"line":32},"6":{"name":"(anonymous_6)","decl":{"start":{"line":38,"column":28},"end":{"line":38,"column":29}},"loc":{"start":{"line":38,"column":39},"end":{"line":45,"column":3}},"line":38},"7":{"name":"(anonymous_7)","decl":{"start":{"line":40,"column":12},"end":{"line":40,"column":13}},"loc":{"start":{"line":40,"column":25},"end":{"line":44,"column":5}},"line":40},"8":{"name":"(anonymous_8)","decl":{"start":{"line":47,"column":19},"end":{"line":47,"column":20}},"loc":{"start":{"line":47,"column":25},"end":{"line":56,"column":3}},"line":47},"9":{"name":"(anonymous_9)","decl":{"start":{"line":48,"column":12},"end":{"line":48,"column":13}},"loc":{"start":{"line":48,"column":25},"end":{"line":55,"column":5}},"line":48},"10":{"name":"(anonymous_10)","decl":{"start":{"line":58,"column":23},"end":{"line":58,"column":24}},"loc":{"start":{"line":58,"column":34},"end":{"line":74,"column":3}},"line":58},"11":{"name":"(anonymous_11)","decl":{"start":{"line":69,"column":14},"end":{"line":69,"column":15}},"loc":{"start":{"line":69,"column":27},"end":{"line":72,"column":7}},"line":69},"12":{"name":"(anonymous_12)","decl":{"start":{"line":127,"column":22},"end":{"line":127,"column":23}},"loc":{"start":{"line":127,"column":28},"end":{"line":127,"column":100}},"line":127},"13":{"name":"(anonymous_13)","decl":{"start":{"line":127,"column":36},"end":{"line":127,"column":37}},"loc":{"start":{"line":127,"column":49},"end":{"line":127,"column":98}},"line":127}},"branchMap":{"0":{"loc":{"start":{"line":15,"column":17},"end":{"line":15,"column":59}},"type":"cond-expr","locations":[{"start":{"line":15,"column":30},"end":{"line":15,"column":52}},{"start":{"line":15,"column":55},"end":{"line":15,"column":59}}],"line":15},"1":{"loc":{"start":{"line":16,"column":4},"end":{"line":21,"column":5}},"type":"if","locations":[{"start":{"line":16,"column":4},"end":{"line":21,"column":5}},{"start":{},"end":{}}],"line":16},"2":{"loc":{"start":{"line":16,"column":8},"end":{"line":16,"column":25}},"type":"binary-expr","locations":[{"start":{"line":16,"column":8},"end":{"line":16,"column":12}},{"start":{"line":16,"column":16},"end":{"line":16,"column":25}}],"line":16},"3":{"loc":{"start":{"line":25,"column":4},"end":{"line":27,"column":5}},"type":"if","locations":[{"start":{"line":25,"column":4},"end":{"line":27,"column":5}},{"start":{},"end":{}}],"line":25},"4":{"loc":{"start":{"line":68,"column":4},"end":{"line":73,"column":5}},"type":"if","locations":[{"start":{"line":68,"column":4},"end":{"line":73,"column":5}},{"start":{},"end":{}}],"line":68},"5":{"loc":{"start":{"line":68,"column":8},"end":{"line":68,"column":45}},"type":"binary-expr","locations":[{"start":{"line":68,"column":8},"end":{"line":68,"column":25}},{"start":{"line":68,"column":29},"end":{"line":68,"column":45}}],"line":68}},"s":{"0":1,"1":24,"2":24,"3":7,"4":7,"5":7,"6":0,"7":0,"8":24,"9":8,"10":1,"11":24,"12":2,"13":2,"14":2,"15":24,"16":0,"17":0,"18":0,"19":24,"20":0,"21":0,"22":24,"23":1,"24":1,"25":1,"26":1,"27":1,"28":1,"29":1,"30":1,"31":1,"32":1,"33":1,"34":1,"35":24,"36":0,"37":0},"f":{"0":24,"1":7,"2":0,"3":8,"4":2,"5":2,"6":0,"7":0,"8":0,"9":0,"10":1,"11":1,"12":0,"13":0},"b":{"0":[7,0],"1":[0,7],"2":[7,7],"3":[1,7],"4":[1,0],"5":[1,1]},"_coverageSchema":"1a1c01bbd47fc00a2c39e90264f33305004495a9","hash":"67da42c17310d34abbfb16780b04a6adc74d4d70"}
,"E:\\work\\reacttest\\reactdemo\\src\\pages\\profile\\profile.js": {"path":"E:\\work\\reacttest\\reactdemo\\src\\pages\\profile\\profile.js","statementMap":{"0":{"start":{"line":9,"column":16},"end":{"line":269,"column":1}},"1":{"start":{"line":10,"column":21},"end":{"line":10,"column":34}},"2":{"start":{"line":11,"column":20},"end":{"line":11,"column":32}},"3":{"start":{"line":12,"column":48},"end":{"line":12,"column":63}},"4":{"start":{"line":14,"column":22},"end":{"line":14,"column":59}},"5":{"start":{"line":14,"column":43},"end":{"line":14,"column":58}},"6":{"start":{"line":15,"column":27},"end":{"line":15,"column":64}},"7":{"start":{"line":15,"column":41},"end":{"line":15,"column":50}},"8":{"start":{"line":16,"column":28},"end":{"line":18,"column":5}},"9":{"start":{"line":17,"column":8},"end":{"line":17,"column":59}},"10":{"start":{"line":20,"column":4},"end":{"line":28,"column":10}},"11":{"start":{"line":21,"column":27},"end":{"line":21,"column":55}},"12":{"start":{"line":22,"column":21},"end":{"line":22,"column":43}},"13":{"start":{"line":23,"column":8},"end":{"line":27,"column":9}},"14":{"start":{"line":24,"column":12},"end":{"line":24,"column":33}},"15":{"start":{"line":26,"column":12},"end":{"line":26,"column":34}},"16":{"start":{"line":30,"column":36},"end":{"line":36,"column":6}},"17":{"start":{"line":39,"column":30},"end":{"line":44,"column":5}},"18":{"start":{"line":40,"column":8},"end":{"line":43,"column":11}},"19":{"start":{"line":47,"column":22},"end":{"line":69,"column":5}},"20":{"start":{"line":48,"column":8},"end":{"line":48,"column":27}},"21":{"start":{"line":49,"column":8},"end":{"line":68,"column":9}},"22":{"start":{"line":50,"column":12},"end":{"line":63,"column":13}},"23":{"start":{"line":51,"column":26},"end":{"line":51,"column":51}},"24":{"start":{"line":52,"column":16},"end":{"line":60,"column":19}},"25":{"start":{"line":53,"column":20},"end":{"line":59,"column":21}},"26":{"start":{"line":54,"column":24},"end":{"line":58,"column":25}},"27":{"start":{"line":55,"column":28},"end":{"line":55,"column":45}},"28":{"start":{"line":57,"column":28},"end":{"line":57,"column":45}},"29":{"start":{"line":61,"column":16},"end":{"line":61,"column":37}},"30":{"start":{"line":66,"column":12},"end":{"line":66,"column":85}},"31":{"start":{"line":67,"column":12},"end":{"line":67,"column":25}},"32":{"start":{"line":71,"column":22},"end":{"line":85,"column":5}},"33":{"start":{"line":72,"column":8},"end":{"line":74,"column":9}},"34":{"start":{"line":73,"column":12},"end":{"line":73,"column":23}},"35":{"start":{"line":76,"column":20},"end":{"line":76,"column":48}},"36":{"start":{"line":78,"column":8},"end":{"line":82,"column":9}},"37":{"start":{"line":79,"column":12},"end":{"line":81,"column":13}},"38":{"start":{"line":80,"column":16},"end":{"line":80,"column":49}},"39":{"start":{"line":84,"column":8},"end":{"line":84,"column":21}},"40":{"start":{"line":86,"column":26},"end":{"line":110,"column":5}},"41":{"start":{"line":87,"column":8},"end":{"line":109,"column":11}},"42":{"start":{"line":112,"column":19},"end":{"line":115,"column":5}},"43":{"start":{"line":113,"column":8},"end":{"line":113,"column":26}},"44":{"start":{"line":114,"column":8},"end":{"line":114,"column":36}},"45":{"start":{"line":117,"column":30},"end":{"line":118,"column":5}},"46":{"start":{"line":120,"column":4},"end":{"line":268,"column":6}}},"fnMap":{"0":{"name":"(anonymous_0)","decl":{"start":{"line":9,"column":16},"end":{"line":9,"column":17}},"loc":{"start":{"line":9,"column":22},"end":{"line":269,"column":1}},"line":9},"1":{"name":"(anonymous_1)","decl":{"start":{"line":14,"column":34},"end":{"line":14,"column":35}},"loc":{"start":{"line":14,"column":43},"end":{"line":14,"column":58}},"line":14},"2":{"name":"(anonymous_2)","decl":{"start":{"line":15,"column":35},"end":{"line":15,"column":36}},"loc":{"start":{"line":15,"column":41},"end":{"line":15,"column":50}},"line":15},"3":{"name":"(anonymous_3)","decl":{"start":{"line":16,"column":28},"end":{"line":16,"column":29}},"loc":{"start":{"line":16,"column":41},"end":{"line":18,"column":5}},"line":16},"4":{"name":"(anonymous_4)","decl":{"start":{"line":20,"column":14},"end":{"line":20,"column":15}},"loc":{"start":{"line":20,"column":20},"end":{"line":28,"column":5}},"line":20},"5":{"name":"(anonymous_5)","decl":{"start":{"line":39,"column":30},"end":{"line":39,"column":31}},"loc":{"start":{"line":39,"column":37},"end":{"line":44,"column":5}},"line":39},"6":{"name":"(anonymous_6)","decl":{"start":{"line":47,"column":22},"end":{"line":47,"column":23}},"loc":{"start":{"line":47,"column":29},"end":{"line":69,"column":5}},"line":47},"7":{"name":"(anonymous_7)","decl":{"start":{"line":52,"column":49},"end":{"line":52,"column":50}},"loc":{"start":{"line":52,"column":67},"end":{"line":60,"column":17}},"line":52},"8":{"name":"(anonymous_8)","decl":{"start":{"line":71,"column":22},"end":{"line":71,"column":23}},"loc":{"start":{"line":71,"column":31},"end":{"line":85,"column":5}},"line":71},"9":{"name":"(anonymous_9)","decl":{"start":{"line":86,"column":26},"end":{"line":86,"column":27}},"loc":{"start":{"line":86,"column":32},"end":{"line":110,"column":5}},"line":86},"10":{"name":"(anonymous_10)","decl":{"start":{"line":112,"column":19},"end":{"line":112,"column":20}},"loc":{"start":{"line":112,"column":25},"end":{"line":115,"column":5}},"line":112},"11":{"name":"(anonymous_11)","decl":{"start":{"line":117,"column":30},"end":{"line":117,"column":31}},"loc":{"start":{"line":117,"column":41},"end":{"line":118,"column":5}},"line":117}},"branchMap":{"0":{"loc":{"start":{"line":23,"column":8},"end":{"line":27,"column":9}},"type":"if","locations":[{"start":{"line":23,"column":8},"end":{"line":27,"column":9}},{"start":{"line":25,"column":15},"end":{"line":27,"column":9}}],"line":23},"1":{"loc":{"start":{"line":49,"column":8},"end":{"line":68,"column":9}},"type":"if","locations":[{"start":{"line":49,"column":8},"end":{"line":68,"column":9}},{"start":{"line":65,"column":15},"end":{"line":68,"column":9}}],"line":49},"2":{"loc":{"start":{"line":53,"column":20},"end":{"line":59,"column":21}},"type":"if","locations":[{"start":{"line":53,"column":20},"end":{"line":59,"column":21}},{"start":{},"end":{}}],"line":53},"3":{"loc":{"start":{"line":53,"column":24},"end":{"line":53,"column":77}},"type":"binary-expr","locations":[{"start":{"line":53,"column":24},"end":{"line":53,"column":36}},{"start":{"line":53,"column":40},"end":{"line":53,"column":59}},{"start":{"line":53,"column":63},"end":{"line":53,"column":77}}],"line":53},"4":{"loc":{"start":{"line":54,"column":24},"end":{"line":58,"column":25}},"type":"if","locations":[{"start":{"line":54,"column":24},"end":{"line":58,"column":25}},{"start":{"line":56,"column":31},"end":{"line":58,"column":25}}],"line":54},"5":{"loc":{"start":{"line":72,"column":8},"end":{"line":74,"column":9}},"type":"if","locations":[{"start":{"line":72,"column":8},"end":{"line":74,"column":9}},{"start":{},"end":{}}],"line":72},"6":{"loc":{"start":{"line":72,"column":12},"end":{"line":72,"column":51}},"type":"binary-expr","locations":[{"start":{"line":72,"column":12},"end":{"line":72,"column":35}},{"start":{"line":72,"column":39},"end":{"line":72,"column":51}}],"line":72},"7":{"loc":{"start":{"line":76,"column":20},"end":{"line":76,"column":48}},"type":"cond-expr","locations":[{"start":{"line":76,"column":41},"end":{"line":76,"column":43}},{"start":{"line":76,"column":46},"end":{"line":76,"column":48}}],"line":76},"8":{"loc":{"start":{"line":79,"column":12},"end":{"line":81,"column":13}},"type":"if","locations":[{"start":{"line":79,"column":12},"end":{"line":81,"column":13}},{"start":{},"end":{}}],"line":79},"9":{"loc":{"start":{"line":153,"column":41},"end":{"line":153,"column":89}},"type":"binary-expr","locations":[{"start":{"line":153,"column":41},"end":{"line":153,"column":65}},{"start":{"line":153,"column":69},"end":{"line":153,"column":89}}],"line":153},"10":{"loc":{"start":{"line":162,"column":41},"end":{"line":162,"column":86}},"type":"binary-expr","locations":[{"start":{"line":162,"column":41},"end":{"line":162,"column":62}},{"start":{"line":162,"column":66},"end":{"line":162,"column":86}}],"line":162},"11":{"loc":{"start":{"line":173,"column":41},"end":{"line":173,"column":86}},"type":"binary-expr","locations":[{"start":{"line":173,"column":41},"end":{"line":173,"column":62}},{"start":{"line":173,"column":66},"end":{"line":173,"column":86}}],"line":173},"12":{"loc":{"start":{"line":182,"column":41},"end":{"line":182,"column":106}},"type":"binary-expr","locations":[{"start":{"line":182,"column":41},"end":{"line":182,"column":64}},{"start":{"line":182,"column":68},"end":{"line":182,"column":100}},{"start":{"line":182,"column":104},"end":{"line":182,"column":106}}],"line":182},"13":{"loc":{"start":{"line":192,"column":41},"end":{"line":192,"column":190}},"type":"cond-expr","locations":[{"start":{"line":192,"column":63},"end":{"line":192,"column":100}},{"start":{"line":192,"column":103},"end":{"line":192,"column":190}}],"line":192},"14":{"loc":{"start":{"line":192,"column":103},"end":{"line":192,"column":190}},"type":"cond-expr","locations":[{"start":{"line":192,"column":137},"end":{"line":192,"column":185}},{"start":{"line":192,"column":188},"end":{"line":192,"column":190}}],"line":192},"15":{"loc":{"start":{"line":202,"column":80},"end":{"line":202,"column":118}},"type":"cond-expr","locations":[{"start":{"line":202,"column":97},"end":{"line":202,"column":113}},{"start":{"line":202,"column":116},"end":{"line":202,"column":118}}],"line":202}},"s":{"0":1,"1":9,"2":9,"3":9,"4":9,"5":14,"6":9,"7":5,"8":9,"9":2,"10":9,"11":5,"12":5,"13":5,"14":1,"15":4,"16":9,"17":9,"18":4,"19":9,"20":2,"21":2,"22":1,"23":1,"24":1,"25":5,"26":2,"27":0,"28":2,"29":1,"30":1,"31":1,"32":9,"33":7,"34":5,"35":2,"36":2,"37":6,"38":6,"39":2,"40":9,"41":0,"42":9,"43":1,"44":1,"45":9,"46":9},"f":{"0":9,"1":14,"2":5,"3":2,"4":5,"5":4,"6":2,"7":5,"8":7,"9":0,"10":1,"11":0},"b":{"0":[1,4],"1":[1,1],"2":[2,3],"3":[5,2,2],"4":[0,2],"5":[5,2],"6":[7,2],"7":[0,2],"8":[6,0],"9":[9,0],"10":[9,0],"11":[9,0],"12":[9,9,0],"13":[0,9],"14":[9,0],"15":[0,9]},"_coverageSchema":"1a1c01bbd47fc00a2c39e90264f33305004495a9","hash":"5e12ffdb4d017d2192e28b23b9d0a02a65a2f12a"}
}
