{"E:\\work\\reacttest\\reactdemo\\src\\pages\\main\\main.js": {"path":"E:\\work\\reacttest\\reactdemo\\src\\pages\\main\\main.js","statementMap":{"0":{"start":{"line":15,"column":18},"end":{"line":203,"column":1}},"1":{"start":{"line":16,"column":21},"end":{"line":16,"column":34}},"2":{"start":{"line":17,"column":20},"end":{"line":17,"column":32}},"3":{"start":{"line":18,"column":46},"end":{"line":18,"column":60}},"4":{"start":{"line":19,"column":46},"end":{"line":19,"column":61}},"5":{"start":{"line":20,"column":47},"end":{"line":20,"column":62}},"6":{"start":{"line":22,"column":21},"end":{"line":22,"column":57}},"7":{"start":{"line":22,"column":42},"end":{"line":22,"column":56}},"8":{"start":{"line":23,"column":27},"end":{"line":23,"column":62}},"9":{"start":{"line":23,"column":41},"end":{"line":23,"column":49}},"10":{"start":{"line":24,"column":27},"end":{"line":26,"column":5}},"11":{"start":{"line":25,"column":8},"end":{"line":25,"column":64}},"12":{"start":{"line":28,"column":21},"end":{"line":28,"column":57}},"13":{"start":{"line":28,"column":42},"end":{"line":28,"column":56}},"14":{"start":{"line":29,"column":27},"end":{"line":29,"column":62}},"15":{"start":{"line":29,"column":41},"end":{"line":29,"column":49}},"16":{"start":{"line":30,"column":27},"end":{"line":32,"column":5}},"17":{"start":{"line":31,"column":8},"end":{"line":31,"column":64}},"18":{"start":{"line":34,"column":49},"end":{"line":34,"column":61}},"19":{"start":{"line":36,"column":61},"end":{"line":36,"column":73}},"20":{"start":{"line":39,"column":22},"end":{"line":39,"column":59}},"21":{"start":{"line":39,"column":43},"end":{"line":39,"column":58}},"22":{"start":{"line":40,"column":28},"end":{"line":40,"column":65}},"23":{"start":{"line":40,"column":42},"end":{"line":40,"column":51}},"24":{"start":{"line":41,"column":28},"end":{"line":43,"column":5}},"25":{"start":{"line":42,"column":8},"end":{"line":42,"column":59}},"26":{"start":{"line":45,"column":4},"end":{"line":61,"column":10}},"27":{"start":{"line":46,"column":27},"end":{"line":46,"column":55}},"28":{"start":{"line":47,"column":21},"end":{"line":47,"column":43}},"29":{"start":{"line":48,"column":8},"end":{"line":60,"column":9}},"30":{"start":{"line":49,"column":12},"end":{"line":49,"column":33}},"31":{"start":{"line":50,"column":12},"end":{"line":54,"column":55}},"32":{"start":{"line":51,"column":34},"end":{"line":51,"column":49}},"33":{"start":{"line":53,"column":20},"end":{"line":53,"column":41}},"34":{"start":{"line":54,"column":34},"end":{"line":54,"column":54}},"35":{"start":{"line":55,"column":12},"end":{"line":59,"column":55}},"36":{"start":{"line":56,"column":34},"end":{"line":56,"column":49}},"37":{"start":{"line":58,"column":20},"end":{"line":58,"column":41}},"38":{"start":{"line":59,"column":34},"end":{"line":59,"column":54}},"39":{"start":{"line":63,"column":4},"end":{"line":82,"column":52}},"40":{"start":{"line":64,"column":8},"end":{"line":81,"column":9}},"41":{"start":{"line":65,"column":12},"end":{"line":78,"column":13}},"42":{"start":{"line":66,"column":37},"end":{"line":75,"column":18}},"43":{"start":{"line":67,"column":20},"end":{"line":74,"column":22}},"44":{"start":{"line":76,"column":16},"end":{"line":76,"column":38}},"45":{"start":{"line":77,"column":16},"end":{"line":77,"column":51}},"46":{"start":{"line":80,"column":12},"end":{"line":80,"column":31}},"47":{"start":{"line":84,"column":4},"end":{"line":101,"column":67}},"48":{"start":{"line":85,"column":8},"end":{"line":100,"column":9}},"49":{"start":{"line":86,"column":12},"end":{"line":98,"column":13}},"50":{"start":{"line":87,"column":35},"end":{"line":87,"column":37}},"51":{"start":{"line":88,"column":36},"end":{"line":88,"column":38}},"52":{"start":{"line":89,"column":16},"end":{"line":89,"column":53}},"53":{"start":{"line":90,"column":16},"end":{"line":94,"column":19}},"54":{"start":{"line":91,"column":20},"end":{"line":93,"column":21}},"55":{"start":{"line":92,"column":24},"end":{"line":92,"column":47}},"56":{"start":{"line":95,"column":16},"end":{"line":95,"column":57}},"57":{"start":{"line":97,"column":16},"end":{"line":97,"column":35}},"58":{"start":{"line":105,"column":27},"end":{"line":108,"column":5}},"59":{"start":{"line":106,"column":36},"end":{"line":106,"column":83}},"60":{"start":{"line":106,"column":64},"end":{"line":106,"column":82}},"61":{"start":{"line":107,"column":8},"end":{"line":107,"column":50}},"62":{"start":{"line":110,"column":26},"end":{"line":119,"column":5}},"63":{"start":{"line":111,"column":8},"end":{"line":118,"column":9}},"64":{"start":{"line":112,"column":22},"end":{"line":112,"column":65}},"65":{"start":{"line":113,"column":12},"end":{"line":113,"column":52}},"66":{"start":{"line":114,"column":12},"end":{"line":114,"column":36}},"67":{"start":{"line":115,"column":12},"end":{"line":115,"column":33}},"68":{"start":{"line":117,"column":12},"end":{"line":117,"column":40}},"69":{"start":{"line":121,"column":4},"end":{"line":129,"column":10}},"70":{"start":{"line":122,"column":27},"end":{"line":122,"column":55}},"71":{"start":{"line":123,"column":21},"end":{"line":123,"column":43}},"72":{"start":{"line":124,"column":8},"end":{"line":128,"column":9}},"73":{"start":{"line":125,"column":12},"end":{"line":125,"column":33}},"74":{"start":{"line":127,"column":16},"end":{"line":127,"column":38}},"75":{"start":{"line":131,"column":26},"end":{"line":137,"column":5}},"76":{"start":{"line":132,"column":8},"end":{"line":136,"column":9}},"77":{"start":{"line":133,"column":12},"end":{"line":133,"column":76}},"78":{"start":{"line":133,"column":51},"end":{"line":133,"column":74}},"79":{"start":{"line":135,"column":12},"end":{"line":135,"column":40}},"80":{"start":{"line":139,"column":28},"end":{"line":147,"column":5}},"81":{"start":{"line":140,"column":29},"end":{"line":140,"column":89}},"82":{"start":{"line":140,"column":60},"end":{"line":140,"column":88}},"83":{"start":{"line":141,"column":8},"end":{"line":146,"column":9}},"84":{"start":{"line":142,"column":12},"end":{"line":142,"column":68}},"85":{"start":{"line":143,"column":12},"end":{"line":143,"column":49}},"86":{"start":{"line":145,"column":12},"end":{"line":145,"column":40}},"87":{"start":{"line":149,"column":25},"end":{"line":158,"column":5}},"88":{"start":{"line":150,"column":29},"end":{"line":153,"column":10}},"89":{"start":{"line":151,"column":36},"end":{"line":151,"column":39}},"90":{"start":{"line":152,"column":12},"end":{"line":152,"column":83}},"91":{"start":{"line":154,"column":8},"end":{"line":154,"column":48}},"92":{"start":{"line":155,"column":8},"end":{"line":157,"column":9}},"93":{"start":{"line":156,"column":12},"end":{"line":156,"column":45}},"94":{"start":{"line":160,"column":4},"end":{"line":202,"column":5}},"95":{"start":{"line":184,"column":32},"end":{"line":184,"column":98}},"96":{"start":{"line":191,"column":28},"end":{"line":191,"column":90}}},"fnMap":{"0":{"name":"(anonymous_0)","decl":{"start":{"line":15,"column":18},"end":{"line":15,"column":19}},"loc":{"start":{"line":15,"column":24},"end":{"line":203,"column":1}},"line":15},"1":{"name":"(anonymous_1)","decl":{"start":{"line":22,"column":33},"end":{"line":22,"column":34}},"loc":{"start":{"line":22,"column":42},"end":{"line":22,"column":56}},"line":22},"2":{"name":"(anonymous_2)","decl":{"start":{"line":23,"column":35},"end":{"line":23,"column":36}},"loc":{"start":{"line":23,"column":41},"end":{"line":23,"column":49}},"line":23},"3":{"name":"(anonymous_3)","decl":{"start":{"line":24,"column":27},"end":{"line":24,"column":28}},"loc":{"start":{"line":24,"column":40},"end":{"line":26,"column":5}},"line":24},"4":{"name":"(anonymous_4)","decl":{"start":{"line":28,"column":33},"end":{"line":28,"column":34}},"loc":{"start":{"line":28,"column":42},"end":{"line":28,"column":56}},"line":28},"5":{"name":"(anonymous_5)","decl":{"start":{"line":29,"column":35},"end":{"line":29,"column":36}},"loc":{"start":{"line":29,"column":41},"end":{"line":29,"column":49}},"line":29},"6":{"name":"(anonymous_6)","decl":{"start":{"line":30,"column":27},"end":{"line":30,"column":28}},"loc":{"start":{"line":30,"column":40},"end":{"line":32,"column":5}},"line":30},"7":{"name":"(anonymous_7)","decl":{"start":{"line":39,"column":34},"end":{"line":39,"column":35}},"loc":{"start":{"line":39,"column":43},"end":{"line":39,"column":58}},"line":39},"8":{"name":"(anonymous_8)","decl":{"start":{"line":40,"column":36},"end":{"line":40,"column":37}},"loc":{"start":{"line":40,"column":42},"end":{"line":40,"column":51}},"line":40},"9":{"name":"(anonymous_9)","decl":{"start":{"line":41,"column":28},"end":{"line":41,"column":29}},"loc":{"start":{"line":41,"column":41},"end":{"line":43,"column":5}},"line":41},"10":{"name":"(anonymous_10)","decl":{"start":{"line":45,"column":14},"end":{"line":45,"column":15}},"loc":{"start":{"line":45,"column":20},"end":{"line":61,"column":5}},"line":45},"11":{"name":"(anonymous_11)","decl":{"start":{"line":51,"column":22},"end":{"line":51,"column":23}},"loc":{"start":{"line":51,"column":34},"end":{"line":51,"column":49}},"line":51},"12":{"name":"(anonymous_12)","decl":{"start":{"line":52,"column":22},"end":{"line":52,"column":23}},"loc":{"start":{"line":52,"column":30},"end":{"line":54,"column":17}},"line":52},"13":{"name":"(anonymous_13)","decl":{"start":{"line":54,"column":25},"end":{"line":54,"column":26}},"loc":{"start":{"line":54,"column":34},"end":{"line":54,"column":54}},"line":54},"14":{"name":"(anonymous_14)","decl":{"start":{"line":56,"column":22},"end":{"line":56,"column":23}},"loc":{"start":{"line":56,"column":34},"end":{"line":56,"column":49}},"line":56},"15":{"name":"(anonymous_15)","decl":{"start":{"line":57,"column":22},"end":{"line":57,"column":23}},"loc":{"start":{"line":57,"column":30},"end":{"line":59,"column":17}},"line":57},"16":{"name":"(anonymous_16)","decl":{"start":{"line":59,"column":25},"end":{"line":59,"column":26}},"loc":{"start":{"line":59,"column":34},"end":{"line":59,"column":54}},"line":59},"17":{"name":"(anonymous_17)","decl":{"start":{"line":63,"column":14},"end":{"line":63,"column":15}},"loc":{"start":{"line":63,"column":20},"end":{"line":82,"column":5}},"line":63},"18":{"name":"(anonymous_18)","decl":{"start":{"line":66,"column":59},"end":{"line":66,"column":60}},"loc":{"start":{"line":66,"column":67},"end":{"line":75,"column":17}},"line":66},"19":{"name":"(anonymous_19)","decl":{"start":{"line":84,"column":14},"end":{"line":84,"column":15}},"loc":{"start":{"line":84,"column":20},"end":{"line":101,"column":5}},"line":84},"20":{"name":"(anonymous_20)","decl":{"start":{"line":90,"column":39},"end":{"line":90,"column":40}},"loc":{"start":{"line":90,"column":46},"end":{"line":94,"column":17}},"line":90},"21":{"name":"(anonymous_21)","decl":{"start":{"line":105,"column":27},"end":{"line":105,"column":28}},"loc":{"start":{"line":105,"column":39},"end":{"line":108,"column":5}},"line":105},"22":{"name":"(anonymous_22)","decl":{"start":{"line":106,"column":56},"end":{"line":106,"column":57}},"loc":{"start":{"line":106,"column":64},"end":{"line":106,"column":82}},"line":106},"23":{"name":"(anonymous_23)","decl":{"start":{"line":110,"column":26},"end":{"line":110,"column":27}},"loc":{"start":{"line":110,"column":40},"end":{"line":119,"column":5}},"line":110},"24":{"name":"(anonymous_24)","decl":{"start":{"line":121,"column":14},"end":{"line":121,"column":15}},"loc":{"start":{"line":121,"column":20},"end":{"line":129,"column":5}},"line":121},"25":{"name":"(anonymous_25)","decl":{"start":{"line":131,"column":26},"end":{"line":131,"column":27}},"loc":{"start":{"line":131,"column":40},"end":{"line":137,"column":5}},"line":131},"26":{"name":"(anonymous_26)","decl":{"start":{"line":133,"column":39},"end":{"line":133,"column":40}},"loc":{"start":{"line":133,"column":51},"end":{"line":133,"column":74}},"line":133},"27":{"name":"(anonymous_27)","decl":{"start":{"line":139,"column":28},"end":{"line":139,"column":29}},"loc":{"start":{"line":139,"column":40},"end":{"line":147,"column":5}},"line":139},"28":{"name":"(anonymous_28)","decl":{"start":{"line":140,"column":51},"end":{"line":140,"column":52}},"loc":{"start":{"line":140,"column":60},"end":{"line":140,"column":88}},"line":140},"29":{"name":"(anonymous_29)","decl":{"start":{"line":149,"column":25},"end":{"line":149,"column":26}},"loc":{"start":{"line":149,"column":41},"end":{"line":158,"column":5}},"line":149},"30":{"name":"(anonymous_30)","decl":{"start":{"line":150,"column":55},"end":{"line":150,"column":56}},"loc":{"start":{"line":150,"column":64},"end":{"line":153,"column":9}},"line":150},"31":{"name":"(anonymous_31)","decl":{"start":{"line":183,"column":46},"end":{"line":183,"column":47}},"loc":{"start":{"line":184,"column":32},"end":{"line":184,"column":98}},"line":184},"32":{"name":"(anonymous_32)","decl":{"start":{"line":190,"column":48},"end":{"line":190,"column":49}},"loc":{"start":{"line":191,"column":28},"end":{"line":191,"column":90}},"line":191}},"branchMap":{"0":{"loc":{"start":{"line":48,"column":8},"end":{"line":60,"column":9}},"type":"if","locations":[{"start":{"line":48,"column":8},"end":{"line":60,"column":9}},{"start":{},"end":{}}],"line":48},"1":{"loc":{"start":{"line":65,"column":12},"end":{"line":78,"column":13}},"type":"if","locations":[{"start":{"line":65,"column":12},"end":{"line":78,"column":13}},{"start":{},"end":{}}],"line":65},"2":{"loc":{"start":{"line":65,"column":16},"end":{"line":65,"column":60}},"type":"binary-expr","locations":[{"start":{"line":65,"column":16},"end":{"line":65,"column":30}},{"start":{"line":65,"column":34},"end":{"line":65,"column":60}}],"line":65},"3":{"loc":{"start":{"line":68,"column":24},"end":{"line":73,"column":68}},"type":"binary-expr","locations":[{"start":{"line":68,"column":24},"end":{"line":68,"column":65}},{"start":{"line":69,"column":24},"end":{"line":69,"column":65}},{"start":{"line":70,"column":24},"end":{"line":70,"column":65}},{"start":{"line":71,"column":25},"end":{"line":71,"column":49}},{"start":{"line":71,"column":53},"end":{"line":71,"column":67}},{"start":{"line":72,"column":25},"end":{"line":72,"column":49}},{"start":{"line":72,"column":53},"end":{"line":72,"column":67}},{"start":{"line":73,"column":25},"end":{"line":73,"column":49}},{"start":{"line":73,"column":53},"end":{"line":73,"column":67}}],"line":68},"4":{"loc":{"start":{"line":85,"column":8},"end":{"line":100,"column":9}},"type":"if","locations":[{"start":{"line":85,"column":8},"end":{"line":100,"column":9}},{"start":{},"end":{}}],"line":85},"5":{"loc":{"start":{"line":91,"column":20},"end":{"line":93,"column":21}},"type":"if","locations":[{"start":{"line":91,"column":20},"end":{"line":93,"column":21}},{"start":{},"end":{}}],"line":91},"6":{"loc":{"start":{"line":124,"column":8},"end":{"line":128,"column":9}},"type":"if","locations":[{"start":{"line":124,"column":8},"end":{"line":128,"column":9}},{"start":{"line":126,"column":15},"end":{"line":128,"column":9}}],"line":124},"7":{"loc":{"start":{"line":124,"column":12},"end":{"line":124,"column":35}},"type":"binary-expr","locations":[{"start":{"line":124,"column":12},"end":{"line":124,"column":16}},{"start":{"line":124,"column":20},"end":{"line":124,"column":35}}],"line":124},"8":{"loc":{"start":{"line":141,"column":8},"end":{"line":146,"column":9}},"type":"if","locations":[{"start":{"line":141,"column":8},"end":{"line":146,"column":9}},{"start":{"line":144,"column":15},"end":{"line":146,"column":9}}],"line":141},"9":{"loc":{"start":{"line":152,"column":19},"end":{"line":152,"column":82}},"type":"binary-expr","locations":[{"start":{"line":152,"column":19},"end":{"line":152,"column":49}},{"start":{"line":152,"column":53},"end":{"line":152,"column":82}}],"line":152},"10":{"loc":{"start":{"line":155,"column":8},"end":{"line":157,"column":9}},"type":"if","locations":[{"start":{"line":155,"column":8},"end":{"line":157,"column":9}},{"start":{},"end":{}}],"line":155},"11":{"loc":{"start":{"line":168,"column":35},"end":{"line":168,"column":116}},"type":"binary-expr","locations":[{"start":{"line":168,"column":35},"end":{"line":168,"column":50}},{"start":{"line":168,"column":54},"end":{"line":168,"column":77}},{"start":{"line":168,"column":81},"end":{"line":168,"column":116}}],"line":168},"12":{"loc":{"start":{"line":169,"column":28},"end":{"line":169,"column":99}},"type":"binary-expr","locations":[{"start":{"line":169,"column":28},"end":{"line":169,"column":43}},{"start":{"line":169,"column":47},"end":{"line":169,"column":71}},{"start":{"line":169,"column":75},"end":{"line":169,"column":99}}],"line":169}},"s":{"0":1,"1":7,"2":7,"3":7,"4":7,"5":7,"6":7,"7":10,"8":7,"9":3,"10":7,"11":3,"12":7,"13":10,"14":7,"15":3,"16":7,"17":3,"18":7,"19":7,"20":7,"21":10,"22":7,"23":3,"24":7,"25":6,"26":7,"27":3,"28":3,"29":3,"30":3,"31":3,"32":3,"33":3,"34":0,"35":3,"36":3,"37":3,"38":0,"39":7,"40":3,"41":3,"42":0,"43":0,"44":0,"45":0,"46":0,"47":7,"48":6,"49":0,"50":0,"51":0,"52":0,"53":0,"54":0,"55":0,"56":0,"57":0,"58":7,"59":0,"60":0,"61":0,"62":7,"63":0,"64":0,"65":0,"66":0,"67":0,"68":0,"69":7,"70":3,"71":3,"72":3,"73":3,"74":0,"75":7,"76":3,"77":3,"78":3,"79":0,"80":7,"81":0,"82":0,"83":0,"84":0,"85":0,"86":0,"87":7,"88":4,"89":1,"90":1,"91":4,"92":4,"93":3,"94":7,"95":0,"96":3},"f":{"0":7,"1":10,"2":3,"3":3,"4":10,"5":3,"6":3,"7":10,"8":3,"9":6,"10":3,"11":3,"12":3,"13":0,"14":3,"15":3,"16":0,"17":3,"18":0,"19":6,"20":0,"21":0,"22":0,"23":0,"24":3,"25":3,"26":3,"27":0,"28":0,"29":4,"30":1,"31":0,"32":3},"b":{"0":[3,0],"1":[0,3],"2":[3,0],"3":[0,0,0,0,0,0,0,0,0],"4":[0,6],"5":[0,0],"6":[3,0],"7":[3,0],"8":[0,0],"9":[1,1],"10":[3,1],"11":[7,7,0],"12":[7,7,7]},"_coverageSchema":"1a1c01bbd47fc00a2c39e90264f33305004495a9","hash":"c3af24fe7c94db8dc9e9c1c6fb252cd281879570"}
,"E:\\work\\reacttest\\reactdemo\\src\\pages\\main\\compoment\\Addfollow.js": {"path":"E:\\work\\reacttest\\reactdemo\\src\\pages\\main\\compoment\\Addfollow.js","statementMap":{"0":{"start":{"line":4,"column":20},"end":{"line":42,"column":1}},"1":{"start":{"line":5,"column":28},"end":{"line":7,"column":6}},"2":{"start":{"line":9,"column":30},"end":{"line":15,"column":5}},"3":{"start":{"line":10,"column":32},"end":{"line":10,"column":44}},"4":{"start":{"line":11,"column":8},"end":{"line":14,"column":12}},"5":{"start":{"line":11,"column":29},"end":{"line":14,"column":9}},"6":{"start":{"line":18,"column":25},"end":{"line":21,"column":5}},"7":{"start":{"line":19,"column":8},"end":{"line":19,"column":31}},"8":{"start":{"line":20,"column":8},"end":{"line":20,"column":29}},"9":{"start":{"line":22,"column":4},"end":{"line":41,"column":6}}},"fnMap":{"0":{"name":"(anonymous_0)","decl":{"start":{"line":4,"column":20},"end":{"line":4,"column":21}},"loc":{"start":{"line":4,"column":44},"end":{"line":42,"column":1}},"line":4},"1":{"name":"(anonymous_1)","decl":{"start":{"line":9,"column":30},"end":{"line":9,"column":31}},"loc":{"start":{"line":9,"column":41},"end":{"line":15,"column":5}},"line":9},"2":{"name":"(anonymous_2)","decl":{"start":{"line":11,"column":16},"end":{"line":11,"column":17}},"loc":{"start":{"line":11,"column":29},"end":{"line":14,"column":9}},"line":11},"3":{"name":"(anonymous_3)","decl":{"start":{"line":18,"column":25},"end":{"line":18,"column":26}},"loc":{"start":{"line":18,"column":36},"end":{"line":21,"column":5}},"line":18}},"branchMap":{},"s":{"0":1,"1":7,"2":7,"3":0,"4":0,"5":0,"6":7,"7":0,"8":0,"9":7},"f":{"0":7,"1":0,"2":0,"3":0},"b":{},"_coverageSchema":"1a1c01bbd47fc00a2c39e90264f33305004495a9","hash":"e6db1bce97ec46f9af2e823722eda989c06b8486"}
,"E:\\work\\reacttest\\reactdemo\\src\\pages\\main\\compoment\\Followed.js": {"path":"E:\\work\\reacttest\\reactdemo\\src\\pages\\main\\compoment\\Followed.js","statementMap":{"0":{"start":{"line":4,"column":19},"end":{"line":27,"column":1}},"1":{"start":{"line":5,"column":32},"end":{"line":7,"column":5}},"2":{"start":{"line":6,"column":8},"end":{"line":6,"column":28}},"3":{"start":{"line":8,"column":4},"end":{"line":26,"column":6}}},"fnMap":{"0":{"name":"(anonymous_0)","decl":{"start":{"line":4,"column":19},"end":{"line":4,"column":20}},"loc":{"start":{"line":4,"column":44},"end":{"line":27,"column":1}},"line":4},"1":{"name":"(anonymous_1)","decl":{"start":{"line":5,"column":32},"end":{"line":5,"column":33}},"loc":{"start":{"line":5,"column":38},"end":{"line":7,"column":5}},"line":5}},"branchMap":{},"s":{"0":1,"1":0,"2":0,"3":0},"f":{"0":0,"1":0},"b":{},"_coverageSchema":"1a1c01bbd47fc00a2c39e90264f33305004495a9","hash":"9dba0aa1ae5c58711f878bc106f7da4e4e9e46c5"}
,"E:\\work\\reacttest\\reactdemo\\src\\pages\\main\\compoment\\SearchBar.js": {"path":"E:\\work\\reacttest\\reactdemo\\src\\pages\\main\\compoment\\SearchBar.js","statementMap":{"0":{"start":{"line":4,"column":20},"end":{"line":27,"column":1}},"1":{"start":{"line":5,"column":28},"end":{"line":7,"column":6}},"2":{"start":{"line":9,"column":30},"end":{"line":16,"column":5}},"3":{"start":{"line":10,"column":32},"end":{"line":10,"column":44}},"4":{"start":{"line":11,"column":8},"end":{"line":14,"column":12}},"5":{"start":{"line":11,"column":29},"end":{"line":14,"column":9}},"6":{"start":{"line":18,"column":4},"end":{"line":20,"column":13}},"7":{"start":{"line":19,"column":8},"end":{"line":19,"column":27}},"8":{"start":{"line":21,"column":4},"end":{"line":26,"column":6}}},"fnMap":{"0":{"name":"(anonymous_0)","decl":{"start":{"line":4,"column":20},"end":{"line":4,"column":21}},"loc":{"start":{"line":4,"column":43},"end":{"line":27,"column":1}},"line":4},"1":{"name":"(anonymous_1)","decl":{"start":{"line":9,"column":30},"end":{"line":9,"column":31}},"loc":{"start":{"line":9,"column":41},"end":{"line":16,"column":5}},"line":9},"2":{"name":"(anonymous_2)","decl":{"start":{"line":11,"column":16},"end":{"line":11,"column":17}},"loc":{"start":{"line":11,"column":29},"end":{"line":14,"column":9}},"line":11},"3":{"name":"(anonymous_3)","decl":{"start":{"line":18,"column":14},"end":{"line":18,"column":15}},"loc":{"start":{"line":18,"column":18},"end":{"line":20,"column":5}},"line":18}},"branchMap":{},"s":{"0":1,"1":8,"2":8,"3":1,"4":1,"5":1,"6":8,"7":4,"8":8},"f":{"0":8,"1":1,"2":1,"3":4},"b":{},"_coverageSchema":"1a1c01bbd47fc00a2c39e90264f33305004495a9","hash":"c291a75624ef16df2d13c4132c12bbabcb1699b2"}
,"E:\\work\\reacttest\\reactdemo\\src\\pages\\main\\compoment\\Trends.js": {"path":"E:\\work\\reacttest\\reactdemo\\src\\pages\\main\\compoment\\Trends.js","statementMap":{"0":{"start":{"line":5,"column":15},"end":{"line":51,"column":1}},"1":{"start":{"line":6,"column":22},"end":{"line":6,"column":59}},"2":{"start":{"line":6,"column":43},"end":{"line":6,"column":58}},"3":{"start":{"line":7,"column":38},"end":{"line":7,"column":52}},"4":{"start":{"line":8,"column":4},"end":{"line":11,"column":11}},"5":{"start":{"line":9,"column":26},"end":{"line":9,"column":36}},"6":{"start":{"line":10,"column":8},"end":{"line":10,"column":32}},"7":{"start":{"line":12,"column":4},"end":{"line":50,"column":6}}},"fnMap":{"0":{"name":"(anonymous_0)","decl":{"start":{"line":5,"column":15},"end":{"line":5,"column":16}},"loc":{"start":{"line":5,"column":29},"end":{"line":51,"column":1}},"line":5},"1":{"name":"(anonymous_1)","decl":{"start":{"line":6,"column":34},"end":{"line":6,"column":35}},"loc":{"start":{"line":6,"column":43},"end":{"line":6,"column":58}},"line":6},"2":{"name":"(anonymous_2)","decl":{"start":{"line":8,"column":14},"end":{"line":8,"column":15}},"loc":{"start":{"line":8,"column":20},"end":{"line":11,"column":5}},"line":8}},"branchMap":{"0":{"loc":{"start":{"line":40,"column":28},"end":{"line":40,"column":61}},"type":"cond-expr","locations":[{"start":{"line":40,"column":40},"end":{"line":40,"column":49}},{"start":{"line":40,"column":52},"end":{"line":40,"column":61}}],"line":40}},"s":{"0":1,"1":6,"2":9,"3":6,"4":6,"5":3,"6":3,"7":6},"f":{"0":6,"1":9,"2":3},"b":{"0":[0,6]},"_coverageSchema":"1a1c01bbd47fc00a2c39e90264f33305004495a9","hash":"fb427d44dc56235f4fc1eeb61864fb1e52512a2a"}
,"E:\\work\\reacttest\\reactdemo\\src\\pages\\main\\compoment\\Updatestate.js": {"path":"E:\\work\\reacttest\\reactdemo\\src\\pages\\main\\compoment\\Updatestate.js","statementMap":{"0":{"start":{"line":4,"column":20},"end":{"line":64,"column":1}},"1":{"start":{"line":5,"column":28},"end":{"line":8,"column":6}},"2":{"start":{"line":10,"column":30},"end":{"line":16,"column":5}},"3":{"start":{"line":11,"column":32},"end":{"line":11,"column":44}},"4":{"start":{"line":12,"column":8},"end":{"line":15,"column":12}},"5":{"start":{"line":12,"column":29},"end":{"line":15,"column":9}},"6":{"start":{"line":18,"column":30},"end":{"line":24,"column":5}},"7":{"start":{"line":19,"column":21},"end":{"line":19,"column":42}},"8":{"start":{"line":20,"column":8},"end":{"line":23,"column":12}},"9":{"start":{"line":20,"column":29},"end":{"line":23,"column":9}},"10":{"start":{"line":26,"column":25},"end":{"line":30,"column":5}},"11":{"start":{"line":27,"column":8},"end":{"line":27,"column":31}},"12":{"start":{"line":28,"column":8},"end":{"line":28,"column":33}},"13":{"start":{"line":29,"column":8},"end":{"line":29,"column":27}},"14":{"start":{"line":31,"column":4},"end":{"line":63,"column":6}}},"fnMap":{"0":{"name":"(anonymous_0)","decl":{"start":{"line":4,"column":20},"end":{"line":4,"column":21}},"loc":{"start":{"line":4,"column":42},"end":{"line":64,"column":1}},"line":4},"1":{"name":"(anonymous_1)","decl":{"start":{"line":10,"column":30},"end":{"line":10,"column":31}},"loc":{"start":{"line":10,"column":41},"end":{"line":16,"column":5}},"line":10},"2":{"name":"(anonymous_2)","decl":{"start":{"line":12,"column":16},"end":{"line":12,"column":17}},"loc":{"start":{"line":12,"column":29},"end":{"line":15,"column":9}},"line":12},"3":{"name":"(anonymous_3)","decl":{"start":{"line":18,"column":30},"end":{"line":18,"column":31}},"loc":{"start":{"line":18,"column":41},"end":{"line":24,"column":5}},"line":18},"4":{"name":"(anonymous_4)","decl":{"start":{"line":20,"column":16},"end":{"line":20,"column":17}},"loc":{"start":{"line":20,"column":29},"end":{"line":23,"column":9}},"line":20},"5":{"name":"(anonymous_5)","decl":{"start":{"line":26,"column":25},"end":{"line":26,"column":26}},"loc":{"start":{"line":26,"column":36},"end":{"line":30,"column":5}},"line":26}},"branchMap":{},"s":{"0":1,"1":7,"2":7,"3":0,"4":0,"5":0,"6":7,"7":0,"8":0,"9":0,"10":7,"11":0,"12":0,"13":0,"14":7},"f":{"0":7,"1":0,"2":0,"3":0,"4":0,"5":0},"b":{},"_coverageSchema":"1a1c01bbd47fc00a2c39e90264f33305004495a9","hash":"6154a11dfc73d58371c43ce34fa972890e6ad788"}
,"E:\\work\\reacttest\\reactdemo\\src\\pages\\main\\compoment\\Updatetrend.js": {"path":"E:\\work\\reacttest\\reactdemo\\src\\pages\\main\\compoment\\Updatetrend.js","statementMap":{"0":{"start":{"line":4,"column":20},"end":{"line":95,"column":1}},"1":{"start":{"line":5,"column":28},"end":{"line":10,"column":6}},"2":{"start":{"line":12,"column":30},"end":{"line":18,"column":5}},"3":{"start":{"line":13,"column":32},"end":{"line":13,"column":44}},"4":{"start":{"line":14,"column":8},"end":{"line":17,"column":12}},"5":{"start":{"line":14,"column":29},"end":{"line":17,"column":9}},"6":{"start":{"line":20,"column":30},"end":{"line":26,"column":5}},"7":{"start":{"line":21,"column":21},"end":{"line":21,"column":42}},"8":{"start":{"line":22,"column":8},"end":{"line":25,"column":12}},"9":{"start":{"line":22,"column":29},"end":{"line":25,"column":9}},"10":{"start":{"line":28,"column":21},"end":{"line":34,"column":5}},"11":{"start":{"line":29,"column":8},"end":{"line":33,"column":10}},"12":{"start":{"line":36,"column":25},"end":{"line":44,"column":5}},"13":{"start":{"line":37,"column":8},"end":{"line":37,"column":31}},"14":{"start":{"line":38,"column":26},"end":{"line":38,"column":36}},"15":{"start":{"line":39,"column":8},"end":{"line":42,"column":12}},"16":{"start":{"line":39,"column":29},"end":{"line":42,"column":9}},"17":{"start":{"line":45,"column":4},"end":{"line":47,"column":19}},"18":{"start":{"line":46,"column":8},"end":{"line":46,"column":27}},"19":{"start":{"line":48,"column":4},"end":{"line":94,"column":6}}},"fnMap":{"0":{"name":"(anonymous_0)","decl":{"start":{"line":4,"column":20},"end":{"line":4,"column":21}},"loc":{"start":{"line":4,"column":43},"end":{"line":95,"column":1}},"line":4},"1":{"name":"(anonymous_1)","decl":{"start":{"line":12,"column":30},"end":{"line":12,"column":31}},"loc":{"start":{"line":12,"column":41},"end":{"line":18,"column":5}},"line":12},"2":{"name":"(anonymous_2)","decl":{"start":{"line":14,"column":16},"end":{"line":14,"column":17}},"loc":{"start":{"line":14,"column":29},"end":{"line":17,"column":9}},"line":14},"3":{"name":"(anonymous_3)","decl":{"start":{"line":20,"column":30},"end":{"line":20,"column":31}},"loc":{"start":{"line":20,"column":41},"end":{"line":26,"column":5}},"line":20},"4":{"name":"(anonymous_4)","decl":{"start":{"line":22,"column":16},"end":{"line":22,"column":17}},"loc":{"start":{"line":22,"column":29},"end":{"line":25,"column":9}},"line":22},"5":{"name":"(anonymous_5)","decl":{"start":{"line":28,"column":21},"end":{"line":28,"column":22}},"loc":{"start":{"line":28,"column":27},"end":{"line":34,"column":5}},"line":28},"6":{"name":"(anonymous_6)","decl":{"start":{"line":36,"column":25},"end":{"line":36,"column":26}},"loc":{"start":{"line":36,"column":36},"end":{"line":44,"column":5}},"line":36},"7":{"name":"(anonymous_7)","decl":{"start":{"line":39,"column":16},"end":{"line":39,"column":17}},"loc":{"start":{"line":39,"column":29},"end":{"line":42,"column":9}},"line":39},"8":{"name":"(anonymous_8)","decl":{"start":{"line":45,"column":14},"end":{"line":45,"column":15}},"loc":{"start":{"line":45,"column":20},"end":{"line":47,"column":5}},"line":45}},"branchMap":{},"s":{"0":1,"1":7,"2":7,"3":0,"4":0,"5":0,"6":7,"7":0,"8":0,"9":0,"10":7,"11":0,"12":7,"13":0,"14":0,"15":0,"16":0,"17":7,"18":3,"19":7},"f":{"0":7,"1":0,"2":0,"3":0,"4":0,"5":0,"6":0,"7":0,"8":3},"b":{},"_coverageSchema":"1a1c01bbd47fc00a2c39e90264f33305004495a9","hash":"168481b14cd4af5092c9ee4afcbc7dce70d332fc"}
}
