TN:
SF:src\pages\auth\auth copy.js
FN:8,(anonymous_0)
FN:11,(anonymous_1)
FN:12,(anonymous_2)
FN:13,(anonymous_3)
FN:16,(anonymous_4)
FN:25,(anonymous_5)
FN:31,(anonymous_6)
FN:33,(anonymous_7)
FN:34,(anonymous_8)
FN:36,(anonymous_9)
FN:39,(anonymous_10)
FN:46,(anonymous_11)
FN:48,(anonymous_12)
FNF:13
FNH:12
FNDA:7,(anonymous_0)
FNDA:10,(anonymous_1)
FNDA:3,(anonymous_2)
FNDA:2,(anonymous_3)
FNDA:4,(anonymous_4)
FNDA:3,(anonymous_5)
FNDA:3,(anonymous_6)
FNDA:2,(anonymous_7)
FNDA:2,(anonymous_8)
FNDA:0,(anonymous_9)
FNDA:4,(anonymous_10)
FNDA:2,(anonymous_11)
FNDA:2,(anonymous_12)
DA:8,1
DA:9,7
DA:10,7
DA:11,10
DA:12,7
DA:13,7
DA:14,2
DA:16,7
DA:17,4
DA:20,7
DA:25,7
DA:26,3
DA:27,3
DA:28,3
DA:31,7
DA:32,3
DA:33,2
DA:35,2
DA:36,0
DA:39,7
DA:40,4
DA:46,7
DA:47,2
DA:48,2
DA:49,2
DA:54,2
DA:55,1
DA:56,1
DA:57,1
DA:58,1
DA:59,1
DA:61,1
DA:65,7
LF:33
LH:32
BRDA:50,0,0,2
BRDA:50,0,1,1
BRDA:54,1,0,1
BRDA:54,1,1,1
BRF:4
BRH:4
end_of_record
TN:
SF:src\pages\main\main.js
FN:15,(anonymous_0)
FN:23,(anonymous_1)
FN:24,(anonymous_2)
FN:25,(anonymous_3)
FN:29,(anonymous_4)
FN:30,(anonymous_5)
FN:31,(anonymous_6)
FN:39,(anonymous_7)
FN:40,(anonymous_8)
FN:41,(anonymous_9)
FN:47,(anonymous_10)
FN:53,(anonymous_11)
FN:54,(anonymous_12)
FN:56,(anonymous_13)
FN:58,(anonymous_14)
FN:59,(anonymous_15)
FN:61,(anonymous_16)
FN:65,(anonymous_17)
FN:68,(anonymous_18)
FN:86,(anonymous_19)
FN:93,(anonymous_20)
FN:95,(anonymous_21)
FN:111,(anonymous_22)
FN:113,(anonymous_23)
FN:129,(anonymous_24)
FN:130,(anonymous_25)
FN:134,(anonymous_26)
FN:145,(anonymous_27)
FN:155,(anonymous_28)
FN:157,(anonymous_29)
FN:166,(anonymous_30)
FN:167,(anonymous_31)
FN:177,(anonymous_32)
FN:178,(anonymous_33)
FN:211,(anonymous_34)
FN:218,(anonymous_35)
FNF:36
FNH:13
FNDA:5,(anonymous_0)
FNDA:7,(anonymous_1)
FNDA:2,(anonymous_2)
FNDA:0,(anonymous_3)
FNDA:7,(anonymous_4)
FNDA:2,(anonymous_5)
FNDA:0,(anonymous_6)
FNDA:7,(anonymous_7)
FNDA:2,(anonymous_8)
FNDA:4,(anonymous_9)
FNDA:2,(anonymous_10)
FNDA:0,(anonymous_11)
FNDA:0,(anonymous_12)
FNDA:0,(anonymous_13)
FNDA:0,(anonymous_14)
FNDA:0,(anonymous_15)
FNDA:0,(anonymous_16)
FNDA:2,(anonymous_17)
FNDA:0,(anonymous_18)
FNDA:4,(anonymous_19)
FNDA:0,(anonymous_20)
FNDA:0,(anonymous_21)
FNDA:0,(anonymous_22)
FNDA:0,(anonymous_23)
FNDA:0,(anonymous_24)
FNDA:0,(anonymous_25)
FNDA:0,(anonymous_26)
FNDA:2,(anonymous_27)
FNDA:0,(anonymous_28)
FNDA:0,(anonymous_29)
FNDA:0,(anonymous_30)
FNDA:0,(anonymous_31)
FNDA:3,(anonymous_32)
FNDA:0,(anonymous_33)
FNDA:0,(anonymous_34)
FNDA:0,(anonymous_35)
DA:15,1
DA:16,5
DA:17,5
DA:18,5
DA:19,5
DA:20,5
DA:21,5
DA:23,7
DA:24,5
DA:25,5
DA:26,0
DA:29,7
DA:30,5
DA:31,5
DA:32,0
DA:35,5
DA:37,5
DA:39,7
DA:40,5
DA:41,5
DA:42,4
DA:43,4
DA:44,4
DA:47,5
DA:48,2
DA:49,2
DA:50,2
DA:51,2
DA:52,2
DA:53,0
DA:55,0
DA:56,0
DA:57,2
DA:58,0
DA:60,0
DA:61,0
DA:65,5
DA:66,2
DA:67,2
DA:68,0
DA:69,0
DA:78,0
DA:79,0
DA:82,0
DA:86,5
DA:87,4
DA:88,0
DA:89,0
DA:90,0
DA:91,0
DA:93,0
DA:95,0
DA:96,0
DA:97,0
DA:100,0
DA:101,0
DA:103,0
DA:105,4
DA:106,0
DA:107,0
DA:108,0
DA:109,0
DA:111,0
DA:113,0
DA:114,0
DA:115,0
DA:118,0
DA:119,0
DA:121,0
DA:129,5
DA:130,0
DA:131,0
DA:134,5
DA:135,0
DA:136,0
DA:137,0
DA:138,0
DA:139,0
DA:141,0
DA:145,5
DA:146,2
DA:147,2
DA:148,2
DA:149,2
DA:151,0
DA:155,5
DA:156,0
DA:157,0
DA:158,0
DA:160,0
DA:166,5
DA:167,0
DA:168,0
DA:169,0
DA:170,0
DA:171,0
DA:173,0
DA:177,5
DA:178,3
DA:179,0
DA:180,0
DA:182,3
DA:183,3
DA:184,2
DA:188,5
DA:212,0
DA:219,0
LF:107
LH:49
BRDA:50,0,0,2
BRDA:50,0,1,0
BRDA:67,1,0,0
BRDA:67,1,1,2
BRDA:67,2,0,2
BRDA:67,2,1,0
BRDA:70,3,0,0
BRDA:70,3,1,0
BRDA:70,3,2,0
BRDA:70,3,3,0
BRDA:70,3,4,0
BRDA:70,3,5,0
BRDA:70,3,6,0
BRDA:70,3,7,0
BRDA:70,3,8,0
BRDA:87,4,0,0
BRDA:87,4,1,4
BRDA:87,5,0,4
BRDA:87,5,1,0
BRDA:96,6,0,0
BRDA:96,6,1,0
BRDA:105,7,0,0
BRDA:105,7,1,4
BRDA:105,8,0,4
BRDA:105,8,1,0
BRDA:114,9,0,0
BRDA:114,9,1,0
BRDA:148,10,0,2
BRDA:148,10,1,0
BRDA:148,11,0,2
BRDA:148,11,1,0
BRDA:168,12,0,0
BRDA:168,12,1,0
BRDA:180,13,0,0
BRDA:180,13,1,0
BRDA:183,14,0,2
BRDA:183,14,1,1
BRDA:196,15,0,5
BRDA:196,15,1,5
BRDA:196,15,2,0
BRDA:197,16,0,5
BRDA:197,16,1,5
BRDA:197,16,2,5
BRF:43
BRH:16
end_of_record
TN:
SF:src\pages\main\compoment\Addfollow.js
FN:4,(anonymous_0)
FN:9,(anonymous_1)
FN:11,(anonymous_2)
FN:18,(anonymous_3)
FNF:4
FNH:1
FNDA:5,(anonymous_0)
FNDA:0,(anonymous_1)
FNDA:0,(anonymous_2)
FNDA:0,(anonymous_3)
DA:4,1
DA:5,5
DA:9,5
DA:10,0
DA:11,0
DA:18,5
DA:19,0
DA:20,0
DA:22,5
LF:9
LH:5
BRF:0
BRH:0
end_of_record
TN:
SF:src\pages\main\compoment\Followed.js
FN:4,(anonymous_0)
FN:5,(anonymous_1)
FNF:2
FNH:0
FNDA:0,(anonymous_0)
FNDA:0,(anonymous_1)
DA:4,1
DA:5,0
DA:6,0
DA:8,0
LF:4
LH:1
BRF:0
BRH:0
end_of_record
TN:
SF:src\pages\main\compoment\SearchBar.js
FN:4,(anonymous_0)
FN:9,(anonymous_1)
FN:11,(anonymous_2)
FN:18,(anonymous_3)
FNF:4
FNH:4
FNDA:6,(anonymous_0)
FNDA:1,(anonymous_1)
FNDA:1,(anonymous_2)
FNDA:3,(anonymous_3)
DA:4,1
DA:5,6
DA:9,6
DA:10,1
DA:11,1
DA:18,6
DA:19,3
DA:21,6
LF:8
LH:8
BRF:0
BRH:0
end_of_record
TN:
SF:src\pages\main\compoment\Trends.js
FN:5,(anonymous_0)
FN:6,(anonymous_1)
FN:11,(anonymous_2)
FN:20,(anonymous_3)
FN:21,(anonymous_4)
FNF:5
FNH:0
FNDA:0,(anonymous_0)
FNDA:0,(anonymous_1)
FNDA:0,(anonymous_2)
FNDA:0,(anonymous_3)
FNDA:0,(anonymous_4)
DA:5,1
DA:6,0
DA:7,0
DA:8,0
DA:11,0
DA:12,0
DA:13,0
DA:14,0
DA:15,0
DA:16,0
DA:17,0
DA:20,0
DA:21,0
DA:23,0
LF:14
LH:1
BRDA:39,0,0,0
BRDA:39,0,1,0
BRDA:44,1,0,0
BRDA:44,1,1,0
BRDA:55,2,0,0
BRDA:55,2,1,0
BRDA:58,3,0,0
BRDA:58,3,1,0
BRDA:58,3,2,0
BRDA:61,4,0,0
BRDA:61,4,1,0
BRF:11
BRH:0
end_of_record
TN:
SF:src\pages\main\compoment\Updatestate.js
FN:4,(anonymous_0)
FN:10,(anonymous_1)
FN:12,(anonymous_2)
FN:18,(anonymous_3)
FN:20,(anonymous_4)
FN:26,(anonymous_5)
FNF:6
FNH:1
FNDA:5,(anonymous_0)
FNDA:0,(anonymous_1)
FNDA:0,(anonymous_2)
FNDA:0,(anonymous_3)
FNDA:0,(anonymous_4)
FNDA:0,(anonymous_5)
DA:4,1
DA:5,5
DA:10,5
DA:11,0
DA:12,0
DA:18,5
DA:19,0
DA:20,0
DA:26,5
DA:27,0
DA:28,0
DA:29,0
DA:31,5
LF:13
LH:6
BRF:0
BRH:0
end_of_record
TN:
SF:src\pages\main\compoment\Updatetrend.js
FN:4,(anonymous_0)
FN:16,(anonymous_1)
FN:20,(anonymous_2)
FN:27,(anonymous_3)
FN:34,(anonymous_4)
FN:36,(anonymous_5)
FN:42,(anonymous_6)
FN:44,(anonymous_7)
FN:51,(anonymous_8)
FN:52,(anonymous_9)
FN:62,(anonymous_10)
FN:66,(anonymous_11)
FN:123,(anonymous_12)
FN:123,(anonymous_13)
FNF:14
FNH:3
FNDA:5,(anonymous_0)
FNDA:2,(anonymous_1)
FNDA:0,(anonymous_2)
FNDA:2,(anonymous_3)
FNDA:0,(anonymous_4)
FNDA:0,(anonymous_5)
FNDA:0,(anonymous_6)
FNDA:0,(anonymous_7)
FNDA:0,(anonymous_8)
FNDA:0,(anonymous_9)
FNDA:0,(anonymous_10)
FNDA:0,(anonymous_11)
FNDA:0,(anonymous_12)
FNDA:0,(anonymous_13)
DA:4,1
DA:5,5
DA:16,5
DA:17,2
DA:18,2
DA:19,2
DA:20,0
DA:27,5
DA:28,2
DA:29,0
DA:30,0
DA:34,5
DA:35,0
DA:36,0
DA:42,5
DA:43,0
DA:44,0
DA:51,5
DA:52,0
DA:62,5
DA:63,0
DA:64,0
DA:65,0
DA:66,0
DA:73,5
DA:123,0
LF:26
LH:13
BRDA:18,0,0,2
BRDA:18,0,1,0
BRDA:19,1,0,0
BRDA:19,1,1,2
BRDA:19,2,0,2
BRDA:19,2,1,2
BRDA:28,3,0,0
BRDA:28,3,1,2
BRDA:65,4,0,0
BRDA:65,4,1,0
BRDA:65,5,0,0
BRDA:65,5,1,0
BRF:12
BRH:5
end_of_record
TN:
SF:src\pages\profile\profile.js
FN:10,(anonymous_0)
FN:15,(anonymous_1)
FN:16,(anonymous_2)
FN:17,(anonymous_3)
FN:21,(anonymous_4)
FN:41,(anonymous_5)
FN:49,(anonymous_6)
FN:54,(anonymous_7)
FN:73,(anonymous_8)
FN:88,(anonymous_9)
FN:114,(anonymous_10)
FN:119,(anonymous_11)
FNF:12
FNH:10
FNDA:9,(anonymous_0)
FNDA:14,(anonymous_1)
FNDA:5,(anonymous_2)
FNDA:2,(anonymous_3)
FNDA:5,(anonymous_4)
FNDA:4,(anonymous_5)
FNDA:2,(anonymous_6)
FNDA:5,(anonymous_7)
FNDA:7,(anonymous_8)
FNDA:0,(anonymous_9)
FNDA:1,(anonymous_10)
FNDA:0,(anonymous_11)
DA:10,1
DA:11,9
DA:12,9
DA:13,9
DA:15,14
DA:16,9
DA:17,9
DA:18,2
DA:21,9
DA:22,5
DA:23,5
DA:24,5
DA:25,1
DA:26,1
DA:28,4
DA:32,9
DA:41,9
DA:42,4
DA:49,9
DA:50,2
DA:51,2
DA:52,1
DA:53,1
DA:54,1
DA:55,5
DA:56,2
DA:57,0
DA:59,2
DA:63,1
DA:68,1
DA:69,1
DA:73,9
DA:74,7
DA:75,5
DA:78,2
DA:80,2
DA:81,6
DA:82,6
DA:86,2
DA:88,9
DA:89,0
DA:114,9
DA:115,1
DA:116,1
DA:119,9
DA:122,9
LF:46
LH:44
BRDA:24,0,0,1
BRDA:24,0,1,4
BRDA:51,1,0,1
BRDA:51,1,1,1
BRDA:55,2,0,2
BRDA:55,2,1,3
BRDA:55,3,0,5
BRDA:55,3,1,2
BRDA:55,3,2,2
BRDA:56,4,0,0
BRDA:56,4,1,2
BRDA:74,5,0,5
BRDA:74,5,1,2
BRDA:74,6,0,7
BRDA:74,6,1,2
BRDA:78,7,0,0
BRDA:78,7,1,2
BRDA:81,8,0,6
BRDA:81,8,1,0
BRDA:155,9,0,9
BRDA:155,9,1,0
BRDA:164,10,0,9
BRDA:164,10,1,0
BRDA:175,11,0,9
BRDA:175,11,1,0
BRDA:184,12,0,9
BRDA:184,12,1,9
BRDA:184,12,2,0
BRDA:194,13,0,0
BRDA:194,13,1,9
BRDA:194,14,0,9
BRDA:194,14,1,0
BRDA:204,15,0,0
BRDA:204,15,1,9
BRF:34
BRH:24
end_of_record
