TN:
SF:src\pages\auth\auth.js
FN:8,(anonymous_0)
FN:13,(anonymous_1)
FN:14,(anonymous_2)
FN:15,(anonymous_3)
FN:19,(anonymous_4)
FN:23,(anonymous_5)
FN:56,(anonymous_6)
FN:61,(anonymous_7)
FN:63,(anonymous_8)
FN:64,(anonymous_9)
FN:66,(anonymous_10)
FN:68,(anonymous_11)
FN:69,(anonymous_12)
FN:71,(anonymous_13)
FN:76,(anonymous_14)
FN:83,(anonymous_15)
FN:90,(anonymous_16)
FN:111,(anonymous_17)
FN:121,(anonymous_18)
FN:131,(anonymous_19)
FN:144,(anonymous_20)
FN:148,(anonymous_21)
FN:150,(anonymous_22)
FN:169,(anonymous_23)
FNF:24
FNH:20
FNDA:34,(anonymous_0)
FNDA:40,(anonymous_1)
FNDA:6,(anonymous_2)
FNDA:5,(anonymous_3)
FNDA:5,(anonymous_4)
FNDA:8,(anonymous_5)
FNDA:6,(anonymous_6)
FNDA:6,(anonymous_7)
FNDA:5,(anonymous_8)
FNDA:5,(anonymous_9)
FNDA:0,(anonymous_10)
FNDA:5,(anonymous_11)
FNDA:5,(anonymous_12)
FNDA:0,(anonymous_13)
FNDA:4,(anonymous_14)
FNDA:24,(anonymous_15)
FNDA:2,(anonymous_16)
FNDA:2,(anonymous_17)
FNDA:3,(anonymous_18)
FNDA:3,(anonymous_19)
FNDA:0,(anonymous_20)
FNDA:2,(anonymous_21)
FNDA:2,(anonymous_22)
FNDA:0,(anonymous_23)
DA:8,1
DA:9,34
DA:10,34
DA:11,34
DA:13,40
DA:14,34
DA:15,34
DA:16,5
DA:19,34
DA:20,5
DA:23,34
DA:24,8
DA:27,34
DA:51,34
DA:56,34
DA:57,6
DA:58,6
DA:61,34
DA:62,6
DA:63,5
DA:65,5
DA:66,0
DA:67,6
DA:68,5
DA:70,5
DA:71,0
DA:76,34
DA:77,4
DA:83,34
DA:84,24
DA:90,34
DA:91,2
DA:92,2
DA:93,2
DA:94,2
DA:95,2
DA:96,2
DA:97,2
DA:98,2
DA:99,2
DA:101,2
DA:102,0
DA:103,0
DA:104,2
DA:105,2
DA:106,2
DA:111,34
DA:112,2
DA:113,1
DA:114,1
DA:116,1
DA:117,1
DA:121,34
DA:122,3
DA:123,3
DA:124,2
DA:126,1
DA:127,1
DA:131,34
DA:132,3
DA:133,3
DA:134,3
DA:135,1
DA:136,1
DA:137,1
DA:138,1
DA:139,1
DA:141,3
DA:144,34
DA:145,0
DA:148,34
DA:149,2
DA:150,2
DA:151,2
DA:156,2
DA:157,1
DA:158,1
DA:159,1
DA:160,1
DA:161,1
DA:162,1
DA:164,1
DA:165,1
DA:169,34
DA:170,0
DA:198,34
LF:86
LH:80
BRDA:91,0,0,2
BRDA:91,0,1,0
BRDA:98,1,0,2
BRDA:98,1,1,0
BRDA:98,2,0,2
BRDA:98,2,1,0
BRDA:98,2,2,0
BRDA:101,3,0,0
BRDA:101,3,1,2
BRDA:104,4,0,2
BRDA:104,4,1,0
BRDA:112,5,0,1
BRDA:112,5,1,1
BRDA:123,6,0,2
BRDA:123,6,1,1
BRDA:133,7,0,3
BRDA:133,7,1,2
BRDA:133,7,2,2
BRDA:134,8,0,1
BRDA:134,8,1,2
BRDA:152,9,0,2
BRDA:152,9,1,1
BRDA:156,10,0,1
BRDA:156,10,1,1
BRDA:203,11,0,0
BRDA:203,11,1,34
BRDA:298,12,0,0
BRDA:298,12,1,34
BRDA:324,13,0,0
BRDA:324,13,1,34
BRDA:327,14,0,0
BRDA:327,14,1,34
BRDA:333,15,0,0
BRDA:333,15,1,34
BRF:34
BRH:23
end_of_record
TN:
SF:src\pages\main\main.js
FN:15,(anonymous_0)
FN:23,(anonymous_1)
FN:24,(anonymous_2)
FN:25,(anonymous_3)
FN:29,(anonymous_4)
FN:30,(anonymous_5)
FN:31,(anonymous_6)
FN:39,(anonymous_7)
FN:40,(anonymous_8)
FN:41,(anonymous_9)
FN:47,(anonymous_10)
FN:53,(anonymous_11)
FN:54,(anonymous_12)
FN:58,(anonymous_13)
FN:59,(anonymous_14)
FN:65,(anonymous_15)
FN:68,(anonymous_16)
FN:85,(anonymous_17)
FN:92,(anonymous_18)
FN:94,(anonymous_19)
FN:109,(anonymous_20)
FN:111,(anonymous_21)
FN:126,(anonymous_22)
FN:127,(anonymous_23)
FN:131,(anonymous_24)
FN:140,(anonymous_25)
FN:150,(anonymous_26)
FN:152,(anonymous_27)
FN:160,(anonymous_28)
FN:161,(anonymous_29)
FN:171,(anonymous_30)
FN:172,(anonymous_31)
FN:205,(anonymous_32)
FN:212,(anonymous_33)
FNF:34
FNH:31
FNDA:21,(anonymous_0)
FNDA:28,(anonymous_1)
FNDA:7,(anonymous_2)
FNDA:7,(anonymous_3)
FNDA:28,(anonymous_4)
FNDA:7,(anonymous_5)
FNDA:8,(anonymous_6)
FNDA:28,(anonymous_7)
FNDA:7,(anonymous_8)
FNDA:15,(anonymous_9)
FNDA:7,(anonymous_10)
FNDA:7,(anonymous_11)
FNDA:7,(anonymous_12)
FNDA:7,(anonymous_13)
FNDA:7,(anonymous_14)
FNDA:7,(anonymous_15)
FNDA:30,(anonymous_16)
FNDA:15,(anonymous_17)
FNDA:9,(anonymous_18)
FNDA:45,(anonymous_19)
FNDA:1,(anonymous_20)
FNDA:15,(anonymous_21)
FNDA:0,(anonymous_22)
FNDA:0,(anonymous_23)
FNDA:1,(anonymous_24)
FNDA:7,(anonymous_25)
FNDA:1,(anonymous_26)
FNDA:1,(anonymous_27)
FNDA:1,(anonymous_28)
FNDA:10,(anonymous_29)
FNDA:8,(anonymous_30)
FNDA:0,(anonymous_31)
FNDA:23,(anonymous_32)
FNDA:24,(anonymous_33)
DA:15,1
DA:16,21
DA:17,21
DA:18,21
DA:19,21
DA:20,21
DA:21,21
DA:23,28
DA:24,21
DA:25,21
DA:26,7
DA:29,28
DA:30,21
DA:31,21
DA:32,8
DA:35,21
DA:37,21
DA:39,28
DA:40,21
DA:41,21
DA:42,15
DA:43,15
DA:44,15
DA:47,21
DA:48,7
DA:49,7
DA:50,7
DA:51,7
DA:52,7
DA:53,7
DA:55,7
DA:57,7
DA:58,7
DA:60,7
DA:65,21
DA:66,7
DA:67,7
DA:68,3
DA:69,30
DA:78,3
DA:79,3
DA:85,21
DA:86,15
DA:87,3
DA:88,3
DA:89,3
DA:90,3
DA:92,9
DA:94,3
DA:95,45
DA:96,15
DA:99,3
DA:100,3
DA:103,12
DA:104,1
DA:105,1
DA:106,1
DA:107,1
DA:109,1
DA:111,1
DA:112,15
DA:113,3
DA:116,1
DA:117,1
DA:126,21
DA:127,0
DA:128,0
DA:131,21
DA:132,1
DA:133,1
DA:134,1
DA:135,1
DA:140,21
DA:141,7
DA:142,7
DA:143,7
DA:144,7
DA:146,0
DA:150,21
DA:151,1
DA:152,1
DA:153,1
DA:160,21
DA:161,10
DA:162,1
DA:163,1
DA:164,1
DA:165,1
DA:167,0
DA:171,21
DA:172,8
DA:173,0
DA:174,0
DA:176,8
DA:177,8
DA:178,7
DA:182,21
DA:206,23
DA:213,24
LF:99
LH:93
BRDA:50,0,0,7
BRDA:50,0,1,0
BRDA:67,1,0,3
BRDA:67,1,1,4
BRDA:67,2,0,7
BRDA:67,2,1,4
BRDA:70,3,0,30
BRDA:70,3,1,27
BRDA:70,3,2,24
BRDA:70,3,3,21
BRDA:70,3,4,0
BRDA:70,3,5,21
BRDA:70,3,6,0
BRDA:70,3,7,21
BRDA:70,3,8,0
BRDA:86,4,0,3
BRDA:86,4,1,12
BRDA:86,5,0,15
BRDA:86,5,1,3
BRDA:95,6,0,15
BRDA:95,6,1,30
BRDA:103,7,0,1
BRDA:103,7,1,11
BRDA:103,8,0,12
BRDA:103,8,1,1
BRDA:112,9,0,3
BRDA:112,9,1,12
BRDA:143,10,0,7
BRDA:143,10,1,0
BRDA:143,11,0,7
BRDA:143,11,1,0
BRDA:162,12,0,1
BRDA:162,12,1,0
BRDA:174,13,0,0
BRDA:174,13,1,0
BRDA:177,14,0,7
BRDA:177,14,1,1
BRDA:190,15,0,21
BRDA:190,15,1,21
BRDA:190,15,2,10
BRDA:191,16,0,21
BRDA:191,16,1,21
BRDA:191,16,2,21
BRF:43
BRH:34
end_of_record
TN:
SF:src\pages\main\compoment\Addfollow.js
FN:4,(anonymous_0)
FN:9,(anonymous_1)
FN:11,(anonymous_2)
FN:18,(anonymous_3)
FNF:4
FNH:4
FNDA:22,(anonymous_0)
FNDA:1,(anonymous_1)
FNDA:1,(anonymous_2)
FNDA:1,(anonymous_3)
DA:4,1
DA:5,22
DA:9,22
DA:10,1
DA:11,1
DA:18,22
DA:19,1
DA:20,1
DA:22,22
LF:9
LH:9
BRF:0
BRH:0
end_of_record
TN:
SF:src\pages\main\compoment\Followed.js
FN:4,(anonymous_0)
FN:5,(anonymous_1)
FNF:2
FNH:1
FNDA:23,(anonymous_0)
FNDA:0,(anonymous_1)
DA:4,1
DA:5,23
DA:6,0
DA:8,23
LF:4
LH:3
BRF:0
BRH:0
end_of_record
TN:
SF:src\pages\main\compoment\SearchBar.js
FN:4,(anonymous_0)
FN:9,(anonymous_1)
FN:11,(anonymous_2)
FN:18,(anonymous_3)
FNF:4
FNH:4
FNDA:22,(anonymous_0)
FNDA:1,(anonymous_1)
FNDA:1,(anonymous_2)
FNDA:8,(anonymous_3)
DA:4,1
DA:5,22
DA:9,22
DA:10,1
DA:11,1
DA:18,22
DA:19,8
DA:21,22
LF:8
LH:8
BRF:0
BRH:0
end_of_record
TN:
SF:src\pages\main\compoment\Trends.js
FN:5,(anonymous_0)
FN:6,(anonymous_1)
FN:11,(anonymous_2)
FN:24,(anonymous_3)
FN:25,(anonymous_4)
FNF:5
FNH:5
FNDA:47,(anonymous_0)
FNDA:66,(anonymous_1)
FNDA:19,(anonymous_2)
FNDA:24,(anonymous_3)
FNDA:77,(anonymous_4)
DA:5,1
DA:6,66
DA:7,47
DA:8,47
DA:11,47
DA:12,19
DA:13,19
DA:14,19
DA:15,19
DA:16,19
DA:17,19
DA:18,19
DA:19,19
DA:20,19
DA:24,47
DA:25,77
DA:27,47
LF:17
LH:17
BRDA:43,0,0,47
BRDA:43,0,1,45
BRDA:48,1,0,47
BRDA:48,1,1,2
BRDA:59,2,0,0
BRDA:59,2,1,47
BRDA:62,3,0,47
BRDA:62,3,1,27
BRDA:62,3,2,27
BRDA:65,4,0,2
BRDA:65,4,1,45
BRF:11
BRH:10
end_of_record
TN:
SF:src\pages\main\compoment\Updatestate.js
FN:4,(anonymous_0)
FN:10,(anonymous_1)
FN:12,(anonymous_2)
FN:18,(anonymous_3)
FN:20,(anonymous_4)
FN:26,(anonymous_5)
FNF:6
FNH:4
FNDA:22,(anonymous_0)
FNDA:1,(anonymous_1)
FNDA:1,(anonymous_2)
FNDA:0,(anonymous_3)
FNDA:0,(anonymous_4)
FNDA:1,(anonymous_5)
DA:4,1
DA:5,22
DA:10,22
DA:11,1
DA:12,1
DA:18,22
DA:19,0
DA:20,0
DA:26,22
DA:27,1
DA:28,1
DA:30,22
LF:12
LH:10
BRF:0
BRH:0
end_of_record
TN:
SF:src\pages\main\compoment\Updatetrend.js
FN:4,(anonymous_0)
FN:13,(anonymous_1)
FN:17,(anonymous_2)
FN:24,(anonymous_3)
FN:30,(anonymous_4)
FN:32,(anonymous_5)
FN:38,(anonymous_6)
FN:40,(anonymous_7)
FN:47,(anonymous_8)
FN:48,(anonymous_9)
FN:58,(anonymous_10)
FN:69,(anonymous_11)
FN:127,(anonymous_12)
FN:127,(anonymous_13)
FNF:14
FNH:7
FNDA:24,(anonymous_0)
FNDA:7,(anonymous_1)
FNDA:0,(anonymous_2)
FNDA:8,(anonymous_3)
FNDA:2,(anonymous_4)
FNDA:2,(anonymous_5)
FNDA:0,(anonymous_6)
FNDA:0,(anonymous_7)
FNDA:0,(anonymous_8)
FNDA:0,(anonymous_9)
FNDA:1,(anonymous_10)
FNDA:1,(anonymous_11)
FNDA:0,(anonymous_12)
FNDA:0,(anonymous_13)
DA:4,1
DA:5,24
DA:13,24
DA:14,7
DA:15,7
DA:16,7
DA:17,0
DA:24,24
DA:25,8
DA:26,1
DA:30,24
DA:31,2
DA:32,2
DA:38,24
DA:39,0
DA:40,0
DA:47,24
DA:48,0
DA:58,24
DA:59,1
DA:60,1
DA:61,1
DA:62,1
DA:63,1
DA:64,1
DA:65,1
DA:66,1
DA:67,1
DA:68,1
DA:69,1
DA:76,24
DA:127,0
LF:32
LH:27
BRDA:15,0,0,7
BRDA:15,0,1,0
BRDA:16,1,0,0
BRDA:16,1,1,7
BRDA:16,2,0,7
BRDA:16,2,1,7
BRDA:25,3,0,1
BRDA:25,3,1,7
BRDA:68,4,0,1
BRDA:68,4,1,0
BRDA:68,5,0,1
BRDA:68,5,1,1
BRF:12
BRH:9
end_of_record
TN:
SF:src\pages\profile\profile.js
FN:9,(anonymous_0)
FN:14,(anonymous_1)
FN:15,(anonymous_2)
FN:16,(anonymous_3)
FN:20,(anonymous_4)
FN:39,(anonymous_5)
FN:47,(anonymous_6)
FN:52,(anonymous_7)
FN:71,(anonymous_8)
FN:86,(anonymous_9)
FN:112,(anonymous_10)
FN:117,(anonymous_11)
FNF:12
FNH:10
FNDA:9,(anonymous_0)
FNDA:14,(anonymous_1)
FNDA:5,(anonymous_2)
FNDA:2,(anonymous_3)
FNDA:5,(anonymous_4)
FNDA:4,(anonymous_5)
FNDA:2,(anonymous_6)
FNDA:5,(anonymous_7)
FNDA:7,(anonymous_8)
FNDA:0,(anonymous_9)
FNDA:1,(anonymous_10)
FNDA:0,(anonymous_11)
DA:9,1
DA:10,9
DA:11,9
DA:12,9
DA:14,14
DA:15,9
DA:16,9
DA:17,2
DA:20,9
DA:21,5
DA:22,5
DA:23,5
DA:24,1
DA:26,4
DA:30,9
DA:39,9
DA:40,4
DA:47,9
DA:48,2
DA:49,2
DA:50,1
DA:51,1
DA:52,1
DA:53,5
DA:54,2
DA:55,0
DA:57,2
DA:61,1
DA:66,1
DA:67,1
DA:71,9
DA:72,7
DA:73,5
DA:76,2
DA:78,2
DA:79,6
DA:80,6
DA:84,2
DA:86,9
DA:87,0
DA:112,9
DA:113,1
DA:114,1
DA:117,9
DA:120,9
LF:45
LH:43
BRDA:23,0,0,1
BRDA:23,0,1,4
BRDA:49,1,0,1
BRDA:49,1,1,1
BRDA:53,2,0,2
BRDA:53,2,1,3
BRDA:53,3,0,5
BRDA:53,3,1,2
BRDA:53,3,2,2
BRDA:54,4,0,0
BRDA:54,4,1,2
BRDA:72,5,0,5
BRDA:72,5,1,2
BRDA:72,6,0,7
BRDA:72,6,1,2
BRDA:76,7,0,0
BRDA:76,7,1,2
BRDA:79,8,0,6
BRDA:79,8,1,0
BRDA:153,9,0,9
BRDA:153,9,1,0
BRDA:162,10,0,9
BRDA:162,10,1,0
BRDA:173,11,0,9
BRDA:173,11,1,0
BRDA:182,12,0,9
BRDA:182,12,1,9
BRDA:182,12,2,0
BRDA:192,13,0,0
BRDA:192,13,1,9
BRDA:192,14,0,9
BRDA:192,14,1,0
BRDA:202,15,0,0
BRDA:202,15,1,9
BRF:34
BRH:24
end_of_record
